2021-06-03 16:03:09,398 INFO o.t.p.i.c.ExceptionHandlerConfig [main] Start configure exception handler
2021-06-03 16:03:09,732 INFO o.t.p.i.c.ExceptionHandlerConfig [main] Initialization handlers map
2021-06-03 16:03:09,757 INFO o.t.p.i.c.DataSourceConfig [main] Start config DataSource
2021-06-03 16:03:09,760 INFO o.t.p.i.c.ConfigLoader [main] start load config
2021-06-03 16:03:09,775 INFO o.t.p.i.c.ConfigLoader [main] load jdbcURL --> jdbc:mysql://localhost:3306/telecom?createDatabaseIfNotExist=true
2021-06-03 16:03:09,777 INFO o.t.p.i.c.ConfigLoader [main] load userName --> root
2021-06-03 16:03:09,779 INFO o.t.p.i.c.ConfigLoader [main] load userPassword --> 380500850614Lucky
2021-06-03 16:03:09,904 INFO o.t.p.i.c.DataSourceConfig [main] Set JdbcUrl --> jdbc:mysql://localhost:3306/telecom?createDatabaseIfNotExist=true
2021-06-03 16:03:09,907 INFO o.t.p.i.c.DataSourceConfig [main] Set userName --> root
2021-06-03 16:03:09,907 INFO o.t.p.i.c.DataSourceConfig [main] Set userPassword --> 380500850614Lucky
2021-06-03 16:03:46,596 INFO o.t.p.i.d.LiquibaseStarter [main] Update database
2021-06-03 16:04:09,406 INFO o.t.p.i.c.ServerStarterConfig [main] Start configure server
2021-06-03 16:04:11,608 INFO o.t.p.i.w.ServerStarter [main] Add servlet: servlet name --> front
2021-06-03 16:04:11,609 INFO o.t.p.i.w.ServerStarter [main] Add servlet mapping: url --> /service/*
2021-06-03 16:04:11,609 INFO o.t.p.i.c.ServerStarterConfig [main] Start configure security
2021-06-03 16:04:13,379 INFO o.t.p.i.w.ServerStarter [main] Add filter --> FilterDef[filterName=AuthorizationFilter, filterClass=org.test.project.infra.auth.AuthorizationFilter]
2021-06-03 16:04:13,380 INFO o.t.p.i.w.ServerStarter [main] Add filter mapping --> FilterMap[filterName=AuthorizationFilter, urlPattern=/*]
2021-06-03 16:04:13,380 INFO o.t.p.i.c.ServerStarterConfig [main] Start configure encoding filter
2021-06-03 16:04:13,408 INFO o.t.p.i.w.ServerStarter [main] Add filter --> FilterDef[filterName=EncodingFilter, filterClass=org.test.project.infra.encoding.EncodingFilter]
2021-06-03 16:04:13,409 INFO o.t.p.i.w.ServerStarter [main] Add filter mapping --> FilterMap[filterName=EncodingFilter, urlPattern=/*]
2021-06-03 16:04:13,409 INFO o.t.p.i.c.ServerStarterConfig [main] Start configure session listener
2021-06-03 16:04:13,427 INFO o.t.p.i.w.ServerStarter [main] Set session listeners --> [org.test.project.infra.web.LocaleSessionListener@5298dead]
2021-06-03 16:24:09,232 INFO o.t.p.i.c.DataSourceConfig [main] Start config DataSource
2021-06-03 16:24:09,239 INFO o.t.p.i.c.ConfigLoader [main] start load config
2021-06-03 16:24:09,242 INFO o.t.p.i.c.ConfigLoader [main] load jdbcURL --> jdbc:mysql://localhost:3306/telecom?createDatabaseIfNotExist=true
2021-06-03 16:24:09,242 INFO o.t.p.i.c.ConfigLoader [main] load userName --> root
2021-06-03 16:24:09,243 INFO o.t.p.i.c.ConfigLoader [main] load userPassword --> 380500850614Lucky
2021-06-03 16:24:09,299 INFO o.t.p.i.c.DataSourceConfig [main] Set JdbcUrl --> jdbc:mysql://localhost:3306/telecom?createDatabaseIfNotExist=true
2021-06-03 16:24:09,299 INFO o.t.p.i.c.DataSourceConfig [main] Set userName --> root
2021-06-03 16:24:09,300 INFO o.t.p.i.c.DataSourceConfig [main] Set userPassword --> 380500850614Lucky
2021-06-03 16:24:31,165 INFO o.t.p.i.d.LiquibaseStarter [main] Update database
2021-06-03 16:24:32,533 INFO o.t.p.i.c.ExceptionHandlerConfig [main] Start configure exception handler
2021-06-03 16:24:32,538 INFO o.t.p.i.c.ExceptionHandlerConfig [main] Initialization handlers map
2021-06-03 16:24:32,568 INFO o.t.p.i.c.ServerStarterConfig [main] Start configure server
2021-06-03 16:24:32,991 INFO o.t.p.i.w.ServerStarter [main] Set context path --> /telecom
2021-06-03 16:24:33,015 INFO o.t.p.i.w.ServerStarter [main] Add servlet: servlet name --> front
2021-06-03 16:24:33,016 INFO o.t.p.i.w.ServerStarter [main] Add servlet mapping: url --> /service/*
2021-06-03 16:24:33,016 INFO o.t.p.i.c.ServerStarterConfig [main] Start configure security
2021-06-03 16:24:33,294 INFO o.t.p.i.w.ServerStarter [main] Add filter --> AuthorizationFilter
2021-06-03 16:24:33,295 INFO o.t.p.i.w.ServerStarter [main] Add filter mapping --> [Ljava.lang.String;@1ea9f009
2021-06-03 16:24:33,296 INFO o.t.p.i.c.ServerStarterConfig [main] Start configure encoding filter
2021-06-03 16:24:33,308 INFO o.t.p.i.w.ServerStarter [main] Add filter --> EncodingFilter
2021-06-03 16:24:33,309 INFO o.t.p.i.w.ServerStarter [main] Add filter mapping --> [Ljava.lang.String;@5d52e3ef
2021-06-03 16:24:33,309 INFO o.t.p.i.c.ServerStarterConfig [main] Start configure session listener
2021-06-03 16:24:33,315 INFO o.t.p.i.w.ServerStarter [main] Set session listeners 
2021-06-03 16:26:27,896 INFO o.t.p.i.w.LocaleSessionListener [http-nio-8080-exec-4] Session created
2021-06-03 16:26:27,899 INFO o.t.p.i.w.LocaleSessionListener [http-nio-8080-exec-4] Set session locales --> [en, ru]
2021-06-03 16:26:27,900 INFO o.t.p.i.w.LocaleSessionListener [http-nio-8080-exec-4] Set session selected locale --> en
2021-06-03 16:26:37,932 INFO o.t.p.u.UserService [http-nio-8080-exec-7] admin
2021-06-03 16:26:44,299 INFO o.t.p.i.w.LocaleSessionListener [http-nio-8080-exec-2] session destroyed
2021-06-03 16:26:44,344 INFO o.t.p.i.w.LocaleSessionListener [http-nio-8080-exec-1] Session created
2021-06-03 16:26:44,344 INFO o.t.p.i.w.LocaleSessionListener [http-nio-8080-exec-1] Set session locales --> [en, ru]
2021-06-03 16:26:44,344 INFO o.t.p.i.w.LocaleSessionListener [http-nio-8080-exec-1] Set session selected locale --> en
2021-06-03 16:27:03,837 INFO o.t.p.u.UserService [http-nio-8080-exec-6] Vasiliy88@
2021-06-03 17:13:01,785 INFO o.t.p.i.c.DataSourceConfig [main] Start config DataSource
2021-06-03 17:13:01,825 INFO o.t.p.i.c.ConfigLoader [main] start load config
2021-06-03 17:13:01,830 INFO o.t.p.i.c.ConfigLoader [main] load jdbcURL --> jdbc:mysql://localhost:3306/telecom?createDatabaseIfNotExist=true
2021-06-03 17:13:01,831 INFO o.t.p.i.c.ConfigLoader [main] load userName --> root
2021-06-03 17:13:01,832 INFO o.t.p.i.c.ConfigLoader [main] load userPassword --> 380500850614Lucky
2021-06-03 17:13:01,884 INFO o.t.p.i.c.DataSourceConfig [main] Set JdbcUrl --> jdbc:mysql://localhost:3306/telecom?createDatabaseIfNotExist=true
2021-06-03 17:13:01,885 INFO o.t.p.i.c.DataSourceConfig [main] Set userName --> root
2021-06-03 17:13:01,886 INFO o.t.p.i.c.DataSourceConfig [main] Set userPassword --> 380500850614Lucky
2021-06-03 17:16:02,860 INFO o.t.p.i.d.LiquibaseStarter [main] Update database
2021-06-03 17:16:23,115 INFO o.t.p.i.c.ExceptionHandlerConfig [main] Start configure exception handler
2021-06-03 17:16:23,118 INFO o.t.p.i.c.ExceptionHandlerConfig [main] Initialization handlers map
2021-06-03 17:16:23,379 INFO o.t.p.i.c.ServerStarterConfig [main] Start configure server
2021-06-03 17:16:26,819 INFO o.t.p.i.w.ServerStarter [main] Set context path --> /telecom
2021-06-03 17:16:27,940 INFO o.t.p.i.w.ServerStarter [main] Add servlet: servlet name --> front
2021-06-03 17:16:27,942 INFO o.t.p.i.w.ServerStarter [main] Add servlet mapping: url --> /service/*
2021-06-03 17:16:27,943 INFO o.t.p.i.c.ServerStarterConfig [main] Start configure security
2021-06-03 17:16:34,124 INFO o.t.p.i.w.ServerStarter [main] Add filter --> AuthorizationFilter
2021-06-03 17:16:34,125 INFO o.t.p.i.c.ServerStarterConfig [main] Start configure encoding filter
2021-06-03 17:16:34,237 INFO o.t.p.i.w.ServerStarter [main] Add filter --> EncodingFilter
2021-06-03 17:16:34,238 INFO o.t.p.i.c.ServerStarterConfig [main] Start configure session listener
2021-06-03 17:16:34,374 INFO o.t.p.i.w.ServerStarter [main] Set session listeners 
2021-06-03 17:18:27,946 INFO o.t.p.i.w.LocaleSessionListener [http-nio-8080-exec-1] Session created
2021-06-03 17:18:27,949 INFO o.t.p.i.w.LocaleSessionListener [http-nio-8080-exec-1] Set session locales --> [en, ru]
2021-06-03 17:18:27,950 INFO o.t.p.i.w.LocaleSessionListener [http-nio-8080-exec-1] Set session selected locale --> en
2021-06-03 17:19:03,913 INFO o.t.p.i.w.FrontServlet [http-nio-8080-exec-5] Started processing request
2021-06-03 17:19:04,248 INFO o.t.p.u.UserService [http-nio-8080-exec-5] Try enter user: admin
2021-06-03 17:19:04,366 INFO o.t.p.u.UserService [http-nio-8080-exec-5] User: admin was entered
2021-06-03 17:19:18,636 INFO o.t.p.i.w.FrontServlet [http-nio-8080-exec-9] Started processing request
2021-06-03 17:20:15,182 INFO o.t.p.i.w.FrontServlet [http-nio-8080-exec-3] Started processing request
2021-06-03 17:20:15,183 ERROR o.t.p.i.w.FrontServlet [http-nio-8080-exec-3] Login cannot be empty. Please enter subscriber`s login.
2021-06-03 17:20:15,193 INFO o.t.p.i.w.FrontServlet [http-nio-8080-exec-3] Set view for handled exception --> /error/ex.jsp
2021-06-03 17:20:51,608 INFO o.t.p.i.w.FrontServlet [http-nio-8080-exec-8] Started processing request
2021-06-03 17:20:51,887 ERROR o.t.p.i.w.FrontServlet [http-nio-8080-exec-8] Subscriber with login a not found
2021-06-03 17:20:51,888 INFO o.t.p.i.w.FrontServlet [http-nio-8080-exec-8] Set view for handled exception --> /error/ex.jsp
2021-06-03 17:22:32,577 INFO o.t.p.i.w.FrontServlet [http-nio-8080-exec-3] Started processing request
2021-06-03 17:22:33,433 ERROR o.t.p.i.w.FrontServlet [http-nio-8080-exec-3] Subscriber with login admin not found
2021-06-03 17:22:33,434 INFO o.t.p.i.w.FrontServlet [http-nio-8080-exec-3] Set view for handled exception --> /error/ex.jsp
2021-06-03 17:22:39,441 INFO o.t.p.i.w.FrontServlet [http-nio-8080-exec-4] Started processing request
2021-06-03 17:23:01,557 INFO o.t.p.i.w.FrontServlet [http-nio-8080-exec-6] Started processing request
2021-06-03 17:24:07,102 INFO o.t.p.i.w.FrontServlet [http-nio-8080-exec-2] Started processing request
2021-06-03 17:25:32,637 INFO o.t.p.i.w.LocaleSessionListener [http-nio-8080-exec-7] Session created
2021-06-03 17:25:32,638 INFO o.t.p.i.w.LocaleSessionListener [http-nio-8080-exec-7] Set session locales --> [en, ru]
2021-06-03 17:25:32,638 INFO o.t.p.i.w.LocaleSessionListener [http-nio-8080-exec-7] Set session selected locale --> en
2021-06-03 17:25:48,041 INFO o.t.p.i.w.FrontServlet [http-nio-8080-exec-10] Started processing request
2021-06-03 17:25:48,044 INFO o.t.p.u.UserService [http-nio-8080-exec-10] Try enter user: vasiliy88
2021-06-03 17:25:48,051 INFO o.t.p.u.UserService [http-nio-8080-exec-10] User: vasiliy88 was entered
2021-06-03 17:26:22,375 INFO o.t.p.i.w.FrontServlet [http-nio-8080-exec-3] Started processing request
2021-06-03 17:26:32,055 INFO o.t.p.i.w.FrontServlet [http-nio-8080-exec-9] Started processing request
2021-06-03 17:26:32,056 ERROR o.t.p.i.w.FrontServlet [http-nio-8080-exec-9] Field with amount cannot be empty. Please enter amount for replenish your balance.
2021-06-03 17:26:32,056 INFO o.t.p.i.w.FrontServlet [http-nio-8080-exec-9] Set view for handled exception --> /error/ex.jsp
2021-06-03 17:27:07,368 INFO o.t.p.i.w.FrontServlet [http-nio-8080-exec-5] Started processing request
2021-06-03 17:27:07,988 INFO o.t.p.i.w.FrontServlet [http-nio-8080-exec-7] Started processing request
2021-06-03 17:27:30,327 INFO o.t.p.i.w.FrontServlet [http-nio-8080-exec-2] Started processing request
2021-06-03 17:27:30,329 ERROR o.t.p.i.w.FrontServlet [http-nio-8080-exec-2] login: aaaaaaaaaaaaaaaaaaaaaaaaaaaaaaaaaaaaaaaaaaaaaaaaaaaaaaaaaaaaaaaaaaaaaaaaaaaaaaaaaaaaaaaaaaaaaaaaaaaaaaaaaaaaaaaaaaaaaaa is not valid
2021-06-03 17:27:30,330 INFO o.t.p.i.w.FrontServlet [http-nio-8080-exec-2] Set view for handled exception --> /error/ex.jsp
2021-06-03 17:28:14,919 INFO o.t.p.i.w.FrontServlet [http-nio-8080-exec-6] Started processing request
2021-06-03 17:28:14,927 ERROR o.t.p.i.w.FrontServlet [http-nio-8080-exec-6] Subscriber with login 15 not found
2021-06-03 17:28:14,927 INFO o.t.p.i.w.FrontServlet [http-nio-8080-exec-6] Set view for handled exception --> /error/ex.jsp
2021-06-03 17:28:29,488 INFO o.t.p.i.w.FrontServlet [http-nio-8080-exec-4] Started processing request
2021-06-03 17:28:32,827 INFO o.t.p.i.w.FrontServlet [http-nio-8080-exec-7] Started processing request
2021-06-03 17:28:39,971 INFO o.t.p.i.w.FrontServlet [http-nio-8080-exec-8] Started processing request
2021-06-03 17:28:48,189 INFO o.t.p.i.w.FrontServlet [http-nio-8080-exec-10] Started processing request
2021-06-03 17:29:24,477 INFO o.t.p.i.w.FrontServlet [http-nio-8080-exec-10] Started processing request
2021-06-03 17:29:24,479 INFO o.t.p.u.UserService [http-nio-8080-exec-10] Try enter user: test111
2021-06-03 17:29:24,499 INFO o.t.p.u.UserService [http-nio-8080-exec-10] User: test111 was entered
2021-06-03 17:29:48,797 INFO o.t.p.i.w.FrontServlet [http-nio-8080-exec-2] Started processing request
2021-06-03 17:29:51,262 INFO o.t.p.i.w.FrontServlet [http-nio-8080-exec-6] Started processing request
2021-06-03 17:29:52,490 INFO o.t.p.i.w.FrontServlet [http-nio-8080-exec-9] Started processing request
2021-06-03 17:30:01,313 INFO o.t.p.i.w.FrontServlet [http-nio-8080-exec-1] Started processing request
2021-06-03 17:30:02,131 INFO o.t.p.i.w.FrontServlet [http-nio-8080-exec-2] Started processing request
2021-06-03 17:30:29,233 INFO o.t.p.i.w.FrontServlet [http-nio-8080-exec-6] Started processing request
2021-06-03 17:30:30,464 INFO o.t.p.i.w.FrontServlet [http-nio-8080-exec-9] Started processing request
2021-06-03 17:30:39,291 INFO o.t.p.i.w.FrontServlet [http-nio-8080-exec-4] Started processing request
2021-06-03 17:30:42,739 INFO o.t.p.i.w.FrontServlet [http-nio-8080-exec-2] Started processing request
2021-06-03 17:30:43,277 INFO o.t.p.i.w.FrontServlet [http-nio-8080-exec-7] Started processing request
2021-06-03 17:30:55,195 INFO o.t.p.i.w.FrontServlet [http-nio-8080-exec-10] Started processing request
2021-06-03 17:30:57,172 INFO o.t.p.i.w.FrontServlet [http-nio-8080-exec-9] Started processing request
2021-06-03 17:30:58,719 INFO o.t.p.i.w.FrontServlet [http-nio-8080-exec-4] Started processing request
2021-06-03 17:31:10,481 INFO o.t.p.i.w.FrontServlet [http-nio-8080-exec-5] Started processing request
2021-06-03 17:31:24,763 INFO o.t.p.i.w.FrontServlet [http-nio-8080-exec-3] Started processing request
2021-06-03 17:31:43,051 INFO o.t.p.i.w.FrontServlet [http-nio-8080-exec-6] Started processing request
2021-06-03 17:31:52,437 INFO o.t.p.i.w.FrontServlet [http-nio-8080-exec-9] Started processing request
2021-06-03 17:31:58,039 INFO o.t.p.i.w.FrontServlet [http-nio-8080-exec-3] Started processing request
2021-06-03 17:31:58,041 INFO o.t.p.i.w.LocaleSessionListener [http-nio-8080-exec-3] session destroyed
2021-06-03 17:31:58,083 INFO o.t.p.i.w.LocaleSessionListener [http-nio-8080-exec-2] Session created
2021-06-03 17:31:58,084 INFO o.t.p.i.w.LocaleSessionListener [http-nio-8080-exec-2] Set session locales --> [en, ru]
2021-06-03 17:31:58,084 INFO o.t.p.i.w.LocaleSessionListener [http-nio-8080-exec-2] Set session selected locale --> en
2021-06-04 18:18:17,911 INFO o.t.p.i.c.DataSourceConfig [main] Start config DataSource
2021-06-04 18:18:17,958 INFO o.t.p.i.c.ConfigLoader [main] start load config
2021-06-04 18:18:17,981 INFO o.t.p.i.c.ConfigLoader [main] load jdbcURL --> jdbc:mysql://localhost:3306/telecom?createDatabaseIfNotExist=true
2021-06-04 18:18:17,981 INFO o.t.p.i.c.ConfigLoader [main] load userName --> root
2021-06-04 18:18:17,981 INFO o.t.p.i.c.ConfigLoader [main] load userPassword --> 380500850614Lucky
2021-06-04 18:18:18,012 INFO o.t.p.i.c.DataSourceConfig [main] Set JdbcUrl --> jdbc:mysql://localhost:3306/telecom?createDatabaseIfNotExist=true
2021-06-04 18:18:18,012 INFO o.t.p.i.c.DataSourceConfig [main] Set userName --> root
2021-06-04 18:18:18,012 INFO o.t.p.i.c.DataSourceConfig [main] Set userPassword --> 380500850614Lucky
2021-06-04 18:18:44,022 INFO o.t.p.i.d.LiquibaseStarter [main] Update database
2021-06-04 18:18:45,553 INFO o.t.p.i.c.ExceptionHandlerConfig [main] Start configure exception handler
2021-06-04 18:18:45,553 INFO o.t.p.i.c.ExceptionHandlerConfig [main] Initialization handlers map
2021-06-04 18:18:45,632 INFO o.t.p.i.c.ServerStarterConfig [main] Start configure server
2021-06-04 18:18:46,524 INFO o.t.p.i.w.ServerStarter [main] Set context path --> /telecom
2021-06-04 18:18:46,555 INFO o.t.p.i.w.ServerStarter [main] Add servlet: servlet name --> front
2021-06-04 18:18:46,555 INFO o.t.p.i.w.ServerStarter [main] Add servlet mapping: url --> /service/*
2021-06-04 18:18:46,555 INFO o.t.p.i.c.ServerStarterConfig [main] Start configure security
2021-06-04 18:18:47,899 INFO o.t.p.i.w.ServerStarter [main] Add filter --> AuthorizationFilter
2021-06-04 18:18:47,899 INFO o.t.p.i.c.ServerStarterConfig [main] Start configure encoding filter
2021-06-04 18:18:47,977 INFO o.t.p.i.w.ServerStarter [main] Add filter --> EncodingFilter
2021-06-04 18:18:47,977 INFO o.t.p.i.c.ServerStarterConfig [main] Start configure session listener
2021-06-04 18:18:47,992 INFO o.t.p.i.w.ServerStarter [main] Set session listeners 
2021-06-04 18:20:26,698 INFO o.t.p.i.w.LocaleSessionListener [http-nio-8080-exec-1] Session created
2021-06-04 18:20:26,702 INFO o.t.p.i.w.LocaleSessionListener [http-nio-8080-exec-1] Set session locales --> [en, ru]
2021-06-04 18:20:26,702 INFO o.t.p.i.w.LocaleSessionListener [http-nio-8080-exec-1] Set session selected locale --> en
2021-06-04 18:20:39,681 INFO o.t.p.i.w.FrontServlet [http-nio-8080-exec-5] Started processing request
2021-06-04 18:20:40,161 INFO o.t.p.u.UserService [http-nio-8080-exec-5] Try enter user: admin
2021-06-04 18:20:40,214 INFO o.t.p.u.UserService [http-nio-8080-exec-5] User: admin was entered
2021-06-04 18:21:02,878 INFO o.t.p.i.w.FrontServlet [http-nio-8080-exec-1] Started processing request
2021-06-04 18:21:11,054 INFO o.t.p.i.w.FrontServlet [http-nio-8080-exec-5] Started processing request
2021-06-04 18:21:26,421 INFO o.t.p.i.w.FrontServlet [http-nio-8080-exec-7] Started processing request
2021-06-04 18:21:33,634 INFO o.t.p.i.w.FrontServlet [http-nio-8080-exec-2] Started processing request
2021-06-04 18:21:42,468 INFO o.t.p.i.w.FrontServlet [http-nio-8080-exec-5] Started processing request
2021-06-04 18:22:23,227 INFO o.t.p.i.w.FrontServlet [http-nio-8080-exec-9] Started processing request
2021-06-04 18:22:23,229 INFO o.t.p.i.w.LocaleSessionListener [http-nio-8080-exec-9] session destroyed
2021-06-04 18:22:23,347 INFO o.t.p.i.w.LocaleSessionListener [http-nio-8080-exec-10] Session created
2021-06-04 18:22:23,347 INFO o.t.p.i.w.LocaleSessionListener [http-nio-8080-exec-10] Set session locales --> [en, ru]
2021-06-04 18:22:23,348 INFO o.t.p.i.w.LocaleSessionListener [http-nio-8080-exec-10] Set session selected locale --> en
2021-06-04 18:23:03,901 INFO o.t.p.i.w.FrontServlet [http-nio-8080-exec-3] Started processing request
2021-06-04 18:23:20,432 INFO o.t.p.i.w.FrontServlet [http-nio-8080-exec-6] Started processing request
2021-06-04 18:23:20,434 INFO o.t.p.u.UserService [http-nio-8080-exec-6] Try enter user: vasiliy88
2021-06-04 18:23:20,440 INFO o.t.p.u.UserService [http-nio-8080-exec-6] User: vasiliy88 was entered
2021-06-04 18:23:27,728 INFO o.t.p.i.w.FrontServlet [http-nio-8080-exec-2] Started processing request
2021-06-04 18:23:39,558 INFO o.t.p.i.w.FrontServlet [http-nio-8080-exec-8] Started processing request
2021-06-04 18:23:43,600 INFO o.t.p.i.w.FrontServlet [http-nio-8080-exec-5] Started processing request
2021-06-04 18:23:52,574 INFO o.t.p.i.w.FrontServlet [http-nio-8080-exec-9] Started processing request
2021-06-04 18:23:59,024 INFO o.t.p.i.w.FrontServlet [http-nio-8080-exec-3] Started processing request
2021-06-04 18:24:15,035 INFO o.t.p.i.w.FrontServlet [http-nio-8080-exec-6] Started processing request
2021-06-04 18:24:15,517 INFO o.t.p.i.w.FrontServlet [http-nio-8080-exec-7] Started processing request
2021-06-04 18:24:24,863 INFO o.t.p.i.w.FrontServlet [http-nio-8080-exec-1] Started processing request
2021-06-04 18:24:26,695 INFO o.t.p.i.w.FrontServlet [http-nio-8080-exec-3] Started processing request
2021-06-04 18:24:32,325 INFO o.t.p.i.w.FrontServlet [http-nio-8080-exec-5] Started processing request
2021-06-07 18:24:26,942 INFO o.t.p.i.c.DataSourceConfig [main] Start config DataSource
2021-06-07 18:24:26,980 INFO o.t.p.i.c.ConfigLoader [main] start load config
2021-06-07 18:24:27,010 INFO o.t.p.i.c.ConfigLoader [main] load jdbcURL --> jdbc:mysql://localhost:3306/telecom?createDatabaseIfNotExist=true
2021-06-07 18:24:27,011 INFO o.t.p.i.c.ConfigLoader [main] load userName --> root
2021-06-07 18:24:27,012 INFO o.t.p.i.c.ConfigLoader [main] load userPassword --> 380500850614Lucky
2021-06-07 18:24:27,161 INFO o.t.p.i.c.DataSourceConfig [main] Set JdbcUrl --> jdbc:mysql://localhost:3306/telecom?createDatabaseIfNotExist=true
2021-06-07 18:24:27,162 INFO o.t.p.i.c.DataSourceConfig [main] Set userName --> root
2021-06-07 18:24:27,162 INFO o.t.p.i.c.DataSourceConfig [main] Set userPassword --> 380500850614Lucky
2021-06-07 18:27:25,203 INFO o.t.p.i.c.DataSourceConfig [main] Start config DataSource
2021-06-07 18:27:25,233 INFO o.t.p.i.c.ConfigLoader [main] start load config
2021-06-07 18:27:25,237 INFO o.t.p.i.c.ConfigLoader [main] load jdbcURL --> jdbc:mysql://localhost:3306/telecom?createDatabaseIfNotExist=true
2021-06-07 18:27:25,238 INFO o.t.p.i.c.ConfigLoader [main] load userName --> root
2021-06-07 18:27:25,240 INFO o.t.p.i.c.ConfigLoader [main] load userPassword --> 380500850614Lucky
2021-06-07 18:27:25,394 INFO o.t.p.i.c.DataSourceConfig [main] Set JdbcUrl --> jdbc:mysql://localhost:3306/telecom?createDatabaseIfNotExist=true
2021-06-07 18:27:25,395 INFO o.t.p.i.c.DataSourceConfig [main] Set userName --> root
2021-06-07 18:27:25,397 INFO o.t.p.i.c.DataSourceConfig [main] Set userPassword --> 380500850614Lucky
2021-06-07 18:29:12,733 INFO o.t.p.i.d.LiquibaseStarter [main] Update database
2021-06-07 18:29:28,669 INFO o.t.p.i.c.ExceptionHandlerConfig [main] Start configure exception handler
2021-06-07 18:29:28,674 INFO o.t.p.i.c.ExceptionHandlerConfig [main] Initialization handlers map
2021-06-07 18:29:30,150 INFO o.t.p.i.c.ServerStarterConfig [main] Start configure server
2021-06-07 18:29:36,409 INFO o.t.p.i.w.ServerStarter [main] Set context path --> /telecom
2021-06-07 18:29:36,694 INFO o.t.p.i.w.ServerStarter [main] Add servlet: servlet name --> front
2021-06-07 18:29:36,697 INFO o.t.p.i.w.ServerStarter [main] Add servlet mapping: url --> /service/*
2021-06-07 18:29:36,697 INFO o.t.p.i.c.ServerStarterConfig [main] Start configure security
2021-06-07 18:29:44,102 INFO o.t.p.i.w.ServerStarter [main] Add filter --> AuthorizationFilter
2021-06-07 18:29:44,102 INFO o.t.p.i.c.ServerStarterConfig [main] Start configure encoding filter
2021-06-07 18:29:44,391 INFO o.t.p.i.w.ServerStarter [main] Add filter --> EncodingFilter
2021-06-07 18:29:44,392 INFO o.t.p.i.c.ServerStarterConfig [main] Start configure session listener
2021-06-07 18:29:44,629 INFO o.t.p.i.w.ServerStarter [main] Set session listeners 
2021-06-07 18:39:14,357 INFO o.t.p.i.w.LocaleSessionListener [http-nio-8080-exec-3] Session created
2021-06-07 18:39:14,355 INFO o.t.p.i.w.LocaleSessionListener [http-nio-8080-exec-1] Session created
2021-06-07 18:39:14,371 INFO o.t.p.i.w.LocaleSessionListener [http-nio-8080-exec-1] Set session locales --> [en, ru]
2021-06-07 18:39:14,372 INFO o.t.p.i.w.LocaleSessionListener [http-nio-8080-exec-1] Set session selected locale --> en
2021-06-07 18:39:14,372 INFO o.t.p.i.w.LocaleSessionListener [http-nio-8080-exec-3] Set session locales --> [en, ru]
2021-06-07 18:39:14,373 INFO o.t.p.i.w.LocaleSessionListener [http-nio-8080-exec-3] Set session selected locale --> en
2021-06-07 18:41:11,338 INFO o.t.p.i.w.FrontServlet [http-nio-8080-exec-6] Started processing request
2021-06-07 18:41:18,957 INFO o.t.p.u.UserService [http-nio-8080-exec-6] Try enter user: admin
2021-06-07 18:41:19,539 INFO o.t.p.u.UserService [http-nio-8080-exec-6] User: admin was entered
2021-06-07 18:42:27,533 INFO o.t.p.i.w.FrontServlet [http-nio-8080-exec-10] Started processing request
2021-06-07 19:34:41,136 INFO o.t.p.i.w.FrontServlet [main] Started processing request
2021-06-07 19:43:16,594 INFO o.t.p.i.w.FrontServlet [main] Started processing request
2021-06-07 19:43:16,756 ERROR o.t.p.i.w.FrontServlet [main] page not found
2021-06-07 19:53:29,869 INFO o.t.p.i.w.FrontServlet [main] Started processing request
2021-06-07 19:53:30,009 ERROR o.t.p.i.w.FrontServlet [main] page not found
2021-06-07 19:55:39,785 INFO o.t.p.i.w.FrontServlet [main] Started processing request
2021-06-07 19:56:47,070 ERROR o.t.p.i.w.FrontServlet [main] page not found
2021-06-07 19:57:50,703 INFO o.t.p.i.w.FrontServlet [main] Started processing request
2021-06-07 19:58:27,516 INFO o.t.p.i.w.FrontServlet [main] Started processing request
2021-06-07 20:04:13,299 INFO o.t.p.i.w.FrontServlet [main] Started processing request
2021-06-08 16:19:55,773 INFO o.t.p.i.c.DataSourceConfig [main] Start config DataSource
2021-06-08 16:19:55,801 INFO o.t.p.i.c.ConfigLoader [main] start load config
2021-06-08 16:19:55,804 INFO o.t.p.i.c.ConfigLoader [main] load jdbcURL --> jdbc:mysql://localhost:3306/telecom?createDatabaseIfNotExist=true
2021-06-08 16:19:55,805 INFO o.t.p.i.c.ConfigLoader [main] load userName --> root
2021-06-08 16:19:55,806 INFO o.t.p.i.c.ConfigLoader [main] load userPassword --> 380500850614Lucky
2021-06-08 16:19:55,874 INFO o.t.p.i.c.DataSourceConfig [main] Set JdbcUrl --> jdbc:mysql://localhost:3306/telecom?createDatabaseIfNotExist=true
2021-06-08 16:19:55,875 INFO o.t.p.i.c.DataSourceConfig [main] Set userName --> root
2021-06-08 16:19:55,875 INFO o.t.p.i.c.DataSourceConfig [main] Set userPassword --> 380500850614Lucky
2021-06-08 16:20:52,896 INFO o.t.p.i.d.LiquibaseStarter [main] Update database
2021-06-08 16:20:54,913 INFO o.t.p.i.c.ExceptionHandlerConfig [main] Start configure exception handler
2021-06-08 16:20:54,916 INFO o.t.p.i.c.ExceptionHandlerConfig [main] Initialization handlers map
2021-06-08 16:20:54,954 INFO o.t.p.i.c.ServerStarterConfig [main] Start configure server
2021-06-08 16:20:55,837 INFO o.t.p.i.w.ServerStarter [main] Set context path --> /telecom
2021-06-08 16:20:55,867 INFO o.t.p.i.w.ServerStarter [main] Add servlet: servlet name --> front
2021-06-08 16:20:55,868 INFO o.t.p.i.w.ServerStarter [main] Add servlet mapping: url --> /service/*
2021-06-08 16:20:55,869 INFO o.t.p.i.c.ServerStarterConfig [main] Start configure security
2021-06-08 16:20:56,548 INFO o.t.p.i.w.ServerStarter [main] Add filter --> AuthorizationFilter
2021-06-08 16:20:56,548 INFO o.t.p.i.c.ServerStarterConfig [main] Start configure encoding filter
2021-06-08 16:20:56,565 INFO o.t.p.i.w.ServerStarter [main] Add filter --> EncodingFilter
2021-06-08 16:20:56,566 INFO o.t.p.i.c.ServerStarterConfig [main] Start configure session listener
2021-06-08 16:20:56,600 INFO o.t.p.i.w.ServerStarter [main] Set session listeners 
2021-06-08 16:23:02,653 INFO o.t.p.i.w.LocaleSessionListener [http-nio-8080-exec-3] Session created
2021-06-08 16:23:02,660 INFO o.t.p.i.w.LocaleSessionListener [http-nio-8080-exec-3] Set session locales --> [en, ru]
2021-06-08 16:23:02,662 INFO o.t.p.i.w.LocaleSessionListener [http-nio-8080-exec-3] Set session selected locale --> en
2021-06-08 16:23:35,269 INFO o.t.p.i.w.FrontServlet [http-nio-8080-exec-8] Started processing request
2021-06-08 16:23:36,121 INFO o.t.p.u.UserService [http-nio-8080-exec-8] Try enter user: admin
2021-06-08 16:23:36,176 INFO o.t.p.u.UserService [http-nio-8080-exec-8] User: admin was entered
2021-06-08 16:23:41,908 INFO o.t.p.i.w.FrontServlet [http-nio-8080-exec-2] Started processing request
2021-06-08 16:25:13,757 INFO o.t.p.i.w.FrontServlet [http-nio-8080-exec-9] Started processing request
2021-06-08 16:25:15,060 INFO o.t.p.i.w.FrontServlet [http-nio-8080-exec-10] Started processing request
2021-06-08 16:25:59,661 INFO o.t.p.i.w.FrontServlet [http-nio-8080-exec-7] Started processing request
2021-06-08 16:26:00,485 INFO o.t.p.i.w.FrontServlet [http-nio-8080-exec-8] Started processing request
2021-06-08 16:27:24,696 INFO o.t.p.i.w.FrontServlet [http-nio-8080-exec-7] Started processing request
2021-06-08 16:27:25,460 INFO o.t.p.i.w.FrontServlet [http-nio-8080-exec-8] Started processing request
2021-06-08 16:27:46,248 INFO o.t.p.i.w.FrontServlet [http-nio-8080-exec-1] Started processing request
2021-06-08 16:28:46,436 INFO o.t.p.i.w.FrontServlet [http-nio-8080-exec-9] Started processing request
2021-06-08 16:28:46,439 ERROR o.t.p.i.w.FrontServlet [http-nio-8080-exec-9] login: Mikki Mouse is not valid
2021-06-08 16:28:46,446 INFO o.t.p.i.w.FrontServlet [http-nio-8080-exec-9] Set view for handled exception --> /error/ex.jsp
2021-06-08 16:28:57,960 INFO o.t.p.i.w.FrontServlet [http-nio-8080-exec-4] Started processing request
2021-06-08 16:28:57,963 ERROR o.t.p.i.w.FrontServlet [http-nio-8080-exec-4] login: Mikki_Mouse is not valid
2021-06-08 16:28:57,963 INFO o.t.p.i.w.FrontServlet [http-nio-8080-exec-4] Set view for handled exception --> /error/ex.jsp
2021-06-08 16:29:08,534 INFO o.t.p.i.w.FrontServlet [http-nio-8080-exec-6] Started processing request
2021-06-08 16:29:08,535 ERROR o.t.p.i.w.FrontServlet [http-nio-8080-exec-6] login: MikkiMouse is not valid
2021-06-08 16:29:08,535 INFO o.t.p.i.w.FrontServlet [http-nio-8080-exec-6] Set view for handled exception --> /error/ex.jsp
2021-06-08 16:29:53,103 INFO o.t.p.i.w.FrontServlet [http-nio-8080-exec-10] Started processing request
2021-06-08 16:29:53,104 ERROR o.t.p.i.w.FrontServlet [http-nio-8080-exec-10] login: Mikki is not valid
2021-06-08 16:29:53,105 INFO o.t.p.i.w.FrontServlet [http-nio-8080-exec-10] Set view for handled exception --> /error/ex.jsp
2021-06-08 16:30:51,884 INFO o.t.p.i.w.FrontServlet [http-nio-8080-exec-1] Started processing request
2021-06-08 16:30:51,885 ERROR o.t.p.i.w.FrontServlet [http-nio-8080-exec-1] login: Pavlenko969 is not valid
2021-06-08 16:30:51,887 INFO o.t.p.i.w.FrontServlet [http-nio-8080-exec-1] Set view for handled exception --> /error/ex.jsp
2021-06-08 16:32:16,064 INFO o.t.p.i.w.FrontServlet [http-nio-8080-exec-7] Started processing request
2021-06-08 16:32:16,067 ERROR o.t.p.i.w.FrontServlet [http-nio-8080-exec-7] Password must contain at least: 1 lowercase alphabetical character; 1 uppercase alphabetical character; 1 numeric character; 1 special characterPassword length must be min 8.
2021-06-08 16:32:16,070 INFO o.t.p.i.w.FrontServlet [http-nio-8080-exec-7] Set view for handled exception --> /error/ex.jsp
2021-06-08 16:32:33,640 INFO o.t.p.i.w.FrontServlet [http-nio-8080-exec-1] Started processing request
2021-06-08 16:32:34,042 INFO o.t.p.i.w.FrontServlet [http-nio-8080-exec-2] Started processing request
2021-06-08 16:33:41,080 INFO o.t.p.i.w.FrontServlet [http-nio-8080-exec-3] Started processing request
2021-06-08 16:33:41,406 INFO o.t.p.i.w.FrontServlet [http-nio-8080-exec-9] Started processing request
2021-06-08 16:33:47,777 INFO o.t.p.i.w.FrontServlet [http-nio-8080-exec-4] Started processing request
2021-06-08 16:35:45,064 INFO o.t.p.i.w.FrontServlet [http-nio-8080-exec-1] Started processing request
2021-06-08 16:35:45,339 INFO o.t.p.i.w.FrontServlet [http-nio-8080-exec-2] Started processing request
2021-06-08 16:37:06,285 INFO o.t.p.i.w.FrontServlet [http-nio-8080-exec-1] Started processing request
2021-06-08 16:37:06,287 ERROR o.t.p.i.w.FrontServlet [http-nio-8080-exec-1] Password must contain at least: 1 lowercase alphabetical character; 1 uppercase alphabetical character; 1 numeric character; 1 special characterPassword length must be min 8.
2021-06-08 16:37:06,288 INFO o.t.p.i.w.FrontServlet [http-nio-8080-exec-1] Set view for handled exception --> /error/ex.jsp
2021-06-08 16:37:18,135 INFO o.t.p.i.w.FrontServlet [http-nio-8080-exec-4] Started processing request
2021-06-08 16:37:19,639 INFO o.t.p.i.w.FrontServlet [http-nio-8080-exec-5] Started processing request
2021-06-08 16:37:52,724 INFO o.t.p.i.w.FrontServlet [http-nio-8080-exec-9] Started processing request
2021-06-08 17:25:48,260 INFO o.t.p.i.c.DataSourceConfig [main] Start config DataSource
2021-06-08 17:25:48,295 INFO o.t.p.i.c.ConfigLoader [main] start load config
2021-06-08 17:25:48,366 INFO o.t.p.i.c.ConfigLoader [main] load jdbcURL --> jdbc:mysql://localhost:3306/telecom?createDatabaseIfNotExist=true
2021-06-08 17:25:48,367 INFO o.t.p.i.c.ConfigLoader [main] load userName --> root
2021-06-08 17:25:48,367 INFO o.t.p.i.c.ConfigLoader [main] load userPassword --> 380500850614Lucky
2021-06-08 17:25:48,678 INFO o.t.p.i.c.DataSourceConfig [main] Set JdbcUrl --> jdbc:mysql://localhost:3306/telecom?createDatabaseIfNotExist=true
2021-06-08 17:25:48,678 INFO o.t.p.i.c.DataSourceConfig [main] Set userName --> root
2021-06-08 17:25:48,695 INFO o.t.p.i.c.DataSourceConfig [main] Set userPassword --> 380500850614Lucky
2021-06-08 17:26:28,657 INFO o.t.p.i.d.LiquibaseStarter [main] Update database
2021-06-08 17:26:37,708 INFO o.t.p.i.c.ExceptionHandlerConfig [main] Start configure exception handler
2021-06-08 17:26:37,712 INFO o.t.p.i.c.ExceptionHandlerConfig [main] Initialization handlers map
2021-06-08 17:26:37,958 INFO o.t.p.i.c.ServerStarterConfig [main] Start configure server
2021-06-08 17:26:39,118 INFO o.t.p.i.w.ServerStarter [main] Set context path --> /telecom
2021-06-08 17:26:39,164 INFO o.t.p.i.w.ServerStarter [main] Add servlet: servlet name --> front
2021-06-08 17:26:39,166 INFO o.t.p.i.w.ServerStarter [main] Add servlet mapping: url --> /service/*
2021-06-08 17:26:39,166 INFO o.t.p.i.c.ServerStarterConfig [main] Start configure security
2021-06-08 17:26:39,802 INFO o.t.p.i.w.ServerStarter [main] Add filter --> AuthorizationFilter
2021-06-08 17:26:39,803 INFO o.t.p.i.c.ServerStarterConfig [main] Start configure encoding filter
2021-06-08 17:26:39,825 INFO o.t.p.i.w.ServerStarter [main] Add filter --> EncodingFilter
2021-06-08 17:26:39,826 INFO o.t.p.i.c.ServerStarterConfig [main] Start configure session listener
2021-06-08 17:26:39,838 INFO o.t.p.i.w.ServerStarter [main] Set session listeners 
2021-06-08 17:27:26,988 INFO o.t.p.i.w.FrontServlet [http-nio-8080-exec-1] Started processing request
2021-06-08 17:27:27,920 INFO o.t.p.i.w.LocaleSessionListener [http-nio-8080-exec-3] Session created
2021-06-08 17:27:27,933 INFO o.t.p.i.w.LocaleSessionListener [http-nio-8080-exec-3] Set session locales --> [en, ru]
2021-06-08 17:27:27,933 INFO o.t.p.i.w.LocaleSessionListener [http-nio-8080-exec-3] Set session selected locale --> en
2021-06-08 17:27:45,326 INFO o.t.p.i.w.FrontServlet [http-nio-8080-exec-7] Started processing request
2021-06-08 17:27:45,327 INFO o.t.p.i.w.LocaleSessionListener [http-nio-8080-exec-7] session destroyed
2021-06-08 17:27:45,368 INFO o.t.p.i.w.LocaleSessionListener [http-nio-8080-exec-10] Session created
2021-06-08 17:27:45,368 INFO o.t.p.i.w.LocaleSessionListener [http-nio-8080-exec-10] Set session locales --> [en, ru]
2021-06-08 17:27:45,368 INFO o.t.p.i.w.LocaleSessionListener [http-nio-8080-exec-10] Set session selected locale --> en
2021-06-08 17:27:52,758 INFO o.t.p.i.w.FrontServlet [http-nio-8080-exec-2] Started processing request
2021-06-08 17:27:53,240 INFO o.t.p.u.UserService [http-nio-8080-exec-2] Try enter user: admin
2021-06-08 17:27:53,550 INFO o.t.p.u.UserService [http-nio-8080-exec-2] User: admin was entered
2021-06-08 17:28:13,064 INFO o.t.p.i.w.FrontServlet [http-nio-8080-exec-5] Started processing request
2021-06-08 17:31:45,089 INFO o.t.p.i.w.FrontServlet [http-nio-8080-exec-8] Started processing request
2021-06-08 17:31:56,367 INFO o.t.p.i.w.FrontServlet [http-nio-8080-exec-3] Started processing request
2021-06-08 17:32:00,149 INFO o.t.p.i.w.FrontServlet [http-nio-8080-exec-5] Started processing request
2021-06-08 17:32:02,914 INFO o.t.p.i.w.FrontServlet [http-nio-8080-exec-6] Started processing request
2021-06-08 17:32:05,373 INFO o.t.p.i.w.FrontServlet [http-nio-8080-exec-7] Started processing request
2021-06-08 17:32:34,715 INFO o.t.p.i.w.FrontServlet [http-nio-8080-exec-9] Started processing request
2021-06-08 17:32:38,901 INFO o.t.p.i.w.FrontServlet [http-nio-8080-exec-4] Started processing request
2021-06-08 17:32:40,504 INFO o.t.p.i.w.FrontServlet [http-nio-8080-exec-5] Started processing request
2021-06-08 17:32:43,334 INFO o.t.p.i.w.FrontServlet [http-nio-8080-exec-8] Started processing request
2021-06-08 17:32:47,666 INFO o.t.p.i.w.FrontServlet [http-nio-8080-exec-10] Started processing request
2021-06-08 17:32:51,728 INFO o.t.p.i.w.FrontServlet [http-nio-8080-exec-2] Started processing request
2021-06-08 17:36:07,763 INFO o.t.p.i.w.FrontServlet [http-nio-8080-exec-4] Started processing request
2021-06-08 17:36:11,362 INFO o.t.p.i.w.FrontServlet [http-nio-8080-exec-5] Started processing request
2021-06-08 17:36:13,326 INFO o.t.p.i.w.FrontServlet [http-nio-8080-exec-8] Started processing request
2021-06-08 17:36:14,680 INFO o.t.p.i.w.FrontServlet [http-nio-8080-exec-10] Started processing request
2021-06-08 17:36:18,737 INFO o.t.p.i.w.FrontServlet [http-nio-8080-exec-2] Started processing request
2021-06-08 17:36:20,083 INFO o.t.p.i.w.FrontServlet [http-nio-8080-exec-1] Started processing request
2021-06-08 17:36:21,326 INFO o.t.p.i.w.FrontServlet [http-nio-8080-exec-9] Started processing request
2021-06-08 17:36:24,106 INFO o.t.p.i.w.FrontServlet [http-nio-8080-exec-5] Started processing request
2021-06-08 17:36:26,892 INFO o.t.p.i.w.FrontServlet [http-nio-8080-exec-6] Started processing request
2021-06-08 17:36:29,245 INFO o.t.p.i.w.FrontServlet [http-nio-8080-exec-7] Started processing request
2021-06-08 17:36:51,771 INFO o.t.p.i.w.FrontServlet [http-nio-8080-exec-2] Started processing request
2021-06-08 17:37:01,002 INFO o.t.p.i.w.FrontServlet [http-nio-8080-exec-4] Started processing request
2021-06-08 17:37:24,914 INFO o.t.p.i.w.FrontServlet [http-nio-8080-exec-6] Started processing request
2021-06-08 17:37:26,625 INFO o.t.p.i.w.FrontServlet [http-nio-8080-exec-7] Started processing request
2021-06-08 17:37:28,478 INFO o.t.p.i.w.FrontServlet [http-nio-8080-exec-8] Started processing request
2021-06-08 18:07:12,705 INFO o.t.p.i.c.DataSourceConfig [main] Start config DataSource
2021-06-08 18:07:12,731 INFO o.t.p.i.c.ConfigLoader [main] start load config
2021-06-08 18:07:12,749 INFO o.t.p.i.c.ConfigLoader [main] load jdbcURL --> jdbc:mysql://localhost:3306/telecom?createDatabaseIfNotExist=true
2021-06-08 18:07:12,749 INFO o.t.p.i.c.ConfigLoader [main] load userName --> root
2021-06-08 18:07:12,750 INFO o.t.p.i.c.ConfigLoader [main] load userPassword --> 380500850614Lucky
2021-06-08 18:07:12,915 INFO o.t.p.i.c.DataSourceConfig [main] Set JdbcUrl --> jdbc:mysql://localhost:3306/telecom?createDatabaseIfNotExist=true
2021-06-08 18:07:12,915 INFO o.t.p.i.c.DataSourceConfig [main] Set userName --> root
2021-06-08 18:07:12,916 INFO o.t.p.i.c.DataSourceConfig [main] Set userPassword --> 380500850614Lucky
2021-06-08 18:08:30,406 INFO o.t.p.i.c.DataSourceConfig [main] Start config DataSource
2021-06-08 18:08:30,421 INFO o.t.p.i.c.ConfigLoader [main] start load config
2021-06-08 18:08:30,425 INFO o.t.p.i.c.ConfigLoader [main] load jdbcURL --> jdbc:mysql://localhost:3306/telecom?createDatabaseIfNotExist=true
2021-06-08 18:08:30,428 INFO o.t.p.i.c.ConfigLoader [main] load userName --> root
2021-06-08 18:08:30,429 INFO o.t.p.i.c.ConfigLoader [main] load userPassword --> 380500850614Lucky
2021-06-08 18:08:30,564 INFO o.t.p.i.c.DataSourceConfig [main] Set JdbcUrl --> jdbc:mysql://localhost:3306/telecom?createDatabaseIfNotExist=true
2021-06-08 18:08:30,565 INFO o.t.p.i.c.DataSourceConfig [main] Set userName --> root
2021-06-08 18:08:30,569 INFO o.t.p.i.c.DataSourceConfig [main] Set userPassword --> 380500850614Lucky
2021-06-08 18:09:15,536 INFO o.t.p.i.d.LiquibaseStarter [main] Update database
2021-06-08 18:09:18,903 INFO o.t.p.i.c.ExceptionHandlerConfig [main] Start configure exception handler
2021-06-08 18:09:18,910 INFO o.t.p.i.c.ExceptionHandlerConfig [main] Initialization handlers map
2021-06-08 18:09:19,027 INFO o.t.p.i.c.ServerStarterConfig [main] Start configure server
2021-06-08 18:09:20,121 INFO o.t.p.i.w.ServerStarter [main] Set context path --> /telecom
2021-06-08 18:09:20,167 INFO o.t.p.i.w.ServerStarter [main] Add servlet: servlet name --> front
2021-06-08 18:09:20,168 INFO o.t.p.i.w.ServerStarter [main] Add servlet mapping: url --> /service/*
2021-06-08 18:09:20,168 INFO o.t.p.i.c.ServerStarterConfig [main] Start configure security
2021-06-08 18:09:21,183 INFO o.t.p.i.w.ServerStarter [main] Add filter --> AuthorizationFilter
2021-06-08 18:09:21,183 INFO o.t.p.i.c.ServerStarterConfig [main] Start configure encoding filter
2021-06-08 18:09:21,222 INFO o.t.p.i.w.ServerStarter [main] Add filter --> EncodingFilter
2021-06-08 18:09:21,222 INFO o.t.p.i.c.ServerStarterConfig [main] Start configure session listener
2021-06-08 18:09:21,257 INFO o.t.p.i.w.ServerStarter [main] Set session listeners 
2021-06-08 18:09:59,521 INFO o.t.p.i.w.LocaleSessionListener [http-nio-8080-exec-1] Session created
2021-06-08 18:09:59,524 INFO o.t.p.i.w.LocaleSessionListener [http-nio-8080-exec-1] Set session locales --> [en, ru]
2021-06-08 18:09:59,524 INFO o.t.p.i.w.LocaleSessionListener [http-nio-8080-exec-1] Set session selected locale --> en
2021-06-08 18:10:24,157 INFO o.t.p.i.w.FrontServlet [http-nio-8080-exec-7] Started processing request
2021-06-08 18:10:24,761 INFO o.t.p.u.UserService [http-nio-8080-exec-7] Try enter user: admin
2021-06-08 18:10:24,958 INFO o.t.p.u.UserService [http-nio-8080-exec-7] User: admin was entered
2021-06-08 18:10:41,154 INFO o.t.p.i.w.FrontServlet [http-nio-8080-exec-1] Started processing request
2021-06-08 18:11:24,052 INFO o.t.p.i.w.FrontServlet [http-nio-8080-exec-2] Started processing request
2021-06-08 18:12:08,915 INFO o.t.p.i.w.FrontServlet [http-nio-8080-exec-5] Started processing request
2021-06-08 18:12:22,796 INFO o.t.p.i.w.FrontServlet [http-nio-8080-exec-10] Started processing request
2021-06-08 18:12:26,567 INFO o.t.p.i.w.FrontServlet [http-nio-8080-exec-4] Started processing request
2021-06-08 18:12:29,122 INFO o.t.p.i.w.FrontServlet [http-nio-8080-exec-2] Started processing request
2021-06-08 18:12:30,830 INFO o.t.p.i.w.FrontServlet [http-nio-8080-exec-6] Started processing request
2021-06-08 18:12:32,967 INFO o.t.p.i.w.FrontServlet [http-nio-8080-exec-5] Started processing request
2021-06-08 18:13:06,991 INFO o.t.p.i.w.FrontServlet [http-nio-8080-exec-3] Started processing request
2021-06-08 18:15:32,782 INFO o.t.p.i.c.DataSourceConfig [main] Start config DataSource
2021-06-08 18:15:32,790 INFO o.t.p.i.c.ConfigLoader [main] start load config
2021-06-08 18:15:32,793 INFO o.t.p.i.c.ConfigLoader [main] load jdbcURL --> jdbc:mysql://localhost:3306/telecom?createDatabaseIfNotExist=true
2021-06-08 18:15:32,793 INFO o.t.p.i.c.ConfigLoader [main] load userName --> root
2021-06-08 18:15:32,794 INFO o.t.p.i.c.ConfigLoader [main] load userPassword --> 380500850614Lucky
2021-06-08 18:15:32,843 INFO o.t.p.i.c.DataSourceConfig [main] Set JdbcUrl --> jdbc:mysql://localhost:3306/telecom?createDatabaseIfNotExist=true
2021-06-08 18:15:32,843 INFO o.t.p.i.c.DataSourceConfig [main] Set userName --> root
2021-06-08 18:15:32,844 INFO o.t.p.i.c.DataSourceConfig [main] Set userPassword --> 380500850614Lucky
2021-06-08 18:15:52,540 INFO o.t.p.i.d.LiquibaseStarter [main] Update database
2021-06-08 18:15:54,245 INFO o.t.p.i.c.ExceptionHandlerConfig [main] Start configure exception handler
2021-06-08 18:15:54,251 INFO o.t.p.i.c.ExceptionHandlerConfig [main] Initialization handlers map
2021-06-08 18:15:54,360 INFO o.t.p.i.c.ServerStarterConfig [main] Start configure server
2021-06-08 18:15:54,752 INFO o.t.p.i.w.ServerStarter [main] Set context path --> /telecom
2021-06-08 18:15:54,774 INFO o.t.p.i.w.ServerStarter [main] Add servlet: servlet name --> front
2021-06-08 18:15:54,775 INFO o.t.p.i.w.ServerStarter [main] Add servlet mapping: url --> /service/*
2021-06-08 18:15:54,776 INFO o.t.p.i.c.ServerStarterConfig [main] Start configure security
2021-06-08 18:15:55,135 INFO o.t.p.i.w.ServerStarter [main] Add filter --> AuthorizationFilter
2021-06-08 18:15:55,136 INFO o.t.p.i.c.ServerStarterConfig [main] Start configure encoding filter
2021-06-08 18:15:55,151 INFO o.t.p.i.w.ServerStarter [main] Add filter --> EncodingFilter
2021-06-08 18:15:55,151 INFO o.t.p.i.c.ServerStarterConfig [main] Start configure session listener
2021-06-08 18:15:55,163 INFO o.t.p.i.w.ServerStarter [main] Set session listeners 
2021-06-08 18:17:22,004 INFO o.t.p.i.w.LocaleSessionListener [http-nio-8080-exec-1] Session created
2021-06-08 18:17:22,007 INFO o.t.p.i.w.LocaleSessionListener [http-nio-8080-exec-1] Set session locales --> [en, ru]
2021-06-08 18:17:22,008 INFO o.t.p.i.w.LocaleSessionListener [http-nio-8080-exec-1] Set session selected locale --> en
2021-06-08 18:17:35,686 INFO o.t.p.i.w.FrontServlet [http-nio-8080-exec-9] Started processing request
2021-06-08 18:18:00,704 INFO o.t.p.u.UserService [http-nio-8080-exec-9] Try enter user: admin
2021-06-08 18:18:00,855 INFO o.t.p.u.UserService [http-nio-8080-exec-9] User: admin was entered
2021-06-08 18:18:04,168 INFO o.t.p.i.w.FrontServlet [http-nio-8080-exec-2] Started processing request
2021-06-08 18:21:04,538 INFO o.t.p.i.c.DataSourceConfig [main] Start config DataSource
2021-06-08 18:21:04,538 INFO o.t.p.i.c.ConfigLoader [main] start load config
2021-06-08 18:21:04,538 INFO o.t.p.i.c.ConfigLoader [main] load jdbcURL --> jdbc:mysql://localhost:3306/telecom?createDatabaseIfNotExist=true
2021-06-08 18:21:04,538 INFO o.t.p.i.c.ConfigLoader [main] load userName --> root
2021-06-08 18:21:04,538 INFO o.t.p.i.c.ConfigLoader [main] load userPassword --> 380500850614Lucky
2021-06-08 18:21:04,615 INFO o.t.p.i.c.DataSourceConfig [main] Set JdbcUrl --> jdbc:mysql://localhost:3306/telecom?createDatabaseIfNotExist=true
2021-06-08 18:21:04,616 INFO o.t.p.i.c.DataSourceConfig [main] Set userName --> root
2021-06-08 18:21:04,618 INFO o.t.p.i.c.DataSourceConfig [main] Set userPassword --> 380500850614Lucky
2021-06-08 18:21:27,207 INFO o.t.p.i.d.LiquibaseStarter [main] Update database
2021-06-08 18:21:28,458 INFO o.t.p.i.c.ExceptionHandlerConfig [main] Start configure exception handler
2021-06-08 18:21:28,458 INFO o.t.p.i.c.ExceptionHandlerConfig [main] Initialization handlers map
2021-06-08 18:21:28,509 INFO o.t.p.i.c.ServerStarterConfig [main] Start configure server
2021-06-08 18:21:28,938 INFO o.t.p.i.w.ServerStarter [main] Set context path --> /telecom
2021-06-08 18:21:28,961 INFO o.t.p.i.w.ServerStarter [main] Add servlet: servlet name --> front
2021-06-08 18:21:28,961 INFO o.t.p.i.w.ServerStarter [main] Add servlet mapping: url --> /service/*
2021-06-08 18:21:28,961 INFO o.t.p.i.c.ServerStarterConfig [main] Start configure security
2021-06-08 18:21:29,224 INFO o.t.p.i.w.ServerStarter [main] Add filter --> AuthorizationFilter
2021-06-08 18:21:29,224 INFO o.t.p.i.c.ServerStarterConfig [main] Start configure encoding filter
2021-06-08 18:21:29,261 INFO o.t.p.i.w.ServerStarter [main] Add filter --> EncodingFilter
2021-06-08 18:21:29,261 INFO o.t.p.i.c.ServerStarterConfig [main] Start configure session listener
2021-06-08 18:21:29,277 INFO o.t.p.i.w.ServerStarter [main] Set session listeners 
2021-06-08 18:21:50,212 INFO o.t.p.i.w.LocaleSessionListener [http-nio-8080-exec-2] Session created
2021-06-08 18:21:50,215 INFO o.t.p.i.w.LocaleSessionListener [http-nio-8080-exec-2] Set session locales --> [en, ru]
2021-06-08 18:21:50,216 INFO o.t.p.i.w.LocaleSessionListener [http-nio-8080-exec-2] Set session selected locale --> en
2021-06-08 18:21:55,638 INFO o.t.p.i.w.FrontServlet [http-nio-8080-exec-5] Started processing request
2021-06-08 18:21:55,977 INFO o.t.p.u.UserService [http-nio-8080-exec-5] Try enter user: admin
2021-06-08 18:21:56,051 INFO o.t.p.u.UserService [http-nio-8080-exec-5] User: admin was entered
2021-06-08 18:21:59,127 INFO o.t.p.i.w.FrontServlet [http-nio-8080-exec-7] Started processing request
2021-06-08 18:30:15,280 INFO o.t.p.i.c.DataSourceConfig [main] Start config DataSource
2021-06-08 18:30:15,293 INFO o.t.p.i.c.ConfigLoader [main] start load config
2021-06-08 18:30:15,308 INFO o.t.p.i.c.ConfigLoader [main] load jdbcURL --> jdbc:mysql://localhost:3306/telecom?createDatabaseIfNotExist=true
2021-06-08 18:30:15,310 INFO o.t.p.i.c.ConfigLoader [main] load userName --> root
2021-06-08 18:30:15,310 INFO o.t.p.i.c.ConfigLoader [main] load userPassword --> 380500850614Lucky
2021-06-08 18:30:15,413 INFO o.t.p.i.c.DataSourceConfig [main] Set JdbcUrl --> jdbc:mysql://localhost:3306/telecom?createDatabaseIfNotExist=true
2021-06-08 18:30:15,415 INFO o.t.p.i.c.DataSourceConfig [main] Set userName --> root
2021-06-08 18:30:15,428 INFO o.t.p.i.c.DataSourceConfig [main] Set userPassword --> 380500850614Lucky
2021-06-08 18:30:56,893 INFO o.t.p.i.d.LiquibaseStarter [main] Update database
2021-06-08 18:31:03,943 INFO o.t.p.i.c.ExceptionHandlerConfig [main] Start configure exception handler
2021-06-08 18:31:03,948 INFO o.t.p.i.c.ExceptionHandlerConfig [main] Initialization handlers map
2021-06-08 18:31:04,107 INFO o.t.p.i.c.ServerStarterConfig [main] Start configure server
2021-06-08 18:31:07,757 INFO o.t.p.i.w.ServerStarter [main] Set context path --> /telecom
2021-06-08 18:31:07,842 INFO o.t.p.i.w.ServerStarter [main] Add servlet: servlet name --> front
2021-06-08 18:31:07,843 INFO o.t.p.i.w.ServerStarter [main] Add servlet mapping: url --> /service/*
2021-06-08 18:31:07,843 INFO o.t.p.i.c.ServerStarterConfig [main] Start configure security
2021-06-08 18:31:10,715 INFO o.t.p.i.w.ServerStarter [main] Add filter --> AuthorizationFilter
2021-06-08 18:31:10,716 INFO o.t.p.i.c.ServerStarterConfig [main] Start configure encoding filter
2021-06-08 18:31:10,841 INFO o.t.p.i.w.ServerStarter [main] Add filter --> EncodingFilter
2021-06-08 18:31:10,841 INFO o.t.p.i.c.ServerStarterConfig [main] Start configure session listener
2021-06-08 18:31:10,899 INFO o.t.p.i.w.ServerStarter [main] Set session listeners 
2021-06-08 18:32:08,877 INFO o.t.p.i.w.LocaleSessionListener [http-nio-8080-exec-3] Session created
2021-06-08 18:32:08,877 INFO o.t.p.i.w.LocaleSessionListener [http-nio-8080-exec-1] Session created
2021-06-08 18:32:08,879 INFO o.t.p.i.w.LocaleSessionListener [http-nio-8080-exec-1] Set session locales --> [en, ru]
2021-06-08 18:32:08,879 INFO o.t.p.i.w.LocaleSessionListener [http-nio-8080-exec-3] Set session locales --> [en, ru]
2021-06-08 18:32:08,880 INFO o.t.p.i.w.LocaleSessionListener [http-nio-8080-exec-3] Set session selected locale --> en
2021-06-08 18:32:08,880 INFO o.t.p.i.w.LocaleSessionListener [http-nio-8080-exec-1] Set session selected locale --> en
2021-06-08 18:32:19,148 INFO o.t.p.i.w.FrontServlet [http-nio-8080-exec-5] Started processing request
2021-06-08 18:32:19,502 INFO o.t.p.u.UserService [http-nio-8080-exec-5] Try enter user: admin
2021-06-08 18:32:19,808 INFO o.t.p.u.UserService [http-nio-8080-exec-5] User: admin was entered
2021-06-08 18:32:31,501 INFO o.t.p.i.w.FrontServlet [http-nio-8080-exec-8] Started processing request
2021-06-08 18:32:51,671 INFO o.t.p.i.w.FrontServlet [http-nio-8080-exec-2] Started processing request
2021-06-08 18:33:07,772 INFO o.t.p.i.w.FrontServlet [http-nio-8080-exec-4] Started processing request
2021-06-08 18:33:13,790 INFO o.t.p.i.w.FrontServlet [http-nio-8080-exec-6] Started processing request
2021-06-08 18:33:22,872 INFO o.t.p.i.w.FrontServlet [http-nio-8080-exec-10] Started processing request
2021-06-08 18:33:30,050 INFO o.t.p.i.w.FrontServlet [http-nio-8080-exec-3] Started processing request
2021-06-08 18:39:01,967 INFO o.t.p.i.w.FrontServlet [http-nio-8080-exec-5] Started processing request
2021-06-08 18:39:47,497 INFO o.t.p.i.w.FrontServlet [http-nio-8080-exec-6] Started processing request
2021-06-08 18:47:15,112 INFO o.t.p.i.w.FrontServlet [http-nio-8080-exec-2] Started processing request
2021-06-08 18:47:57,173 INFO o.t.p.i.w.FrontServlet [http-nio-8080-exec-7] Started processing request
2021-06-08 18:48:46,050 INFO o.t.p.i.w.FrontServlet [http-nio-8080-exec-8] Started processing request
2021-06-08 18:51:16,236 INFO o.t.p.i.w.FrontServlet [http-nio-8080-exec-2] Started processing request
2021-06-08 18:52:03,944 INFO o.t.p.i.w.FrontServlet [http-nio-8080-exec-7] Started processing request
2021-06-08 18:52:57,265 INFO o.t.p.i.w.FrontServlet [http-nio-8080-exec-6] Started processing request
2021-06-08 18:54:26,972 INFO o.t.p.i.w.FrontServlet [http-nio-8080-exec-10] Started processing request
2021-06-08 18:56:05,731 INFO o.t.p.i.w.FrontServlet [http-nio-8080-exec-1] Started processing request
2021-06-08 18:57:54,827 INFO o.t.p.i.w.FrontServlet [http-nio-8080-exec-5] Started processing request
2021-06-08 19:02:59,780 INFO o.t.p.i.w.LocaleSessionListener [ContainerBackgroundProcessor[StandardEngine[Tomcat]]] session destroyed
2021-06-08 19:04:00,831 INFO o.t.p.i.w.FrontServlet [http-nio-8080-exec-9] Started processing request
2021-06-08 19:04:31,367 INFO o.t.p.i.w.FrontServlet [http-nio-8080-exec-8] Started processing request
2021-06-08 19:08:22,488 INFO o.t.p.i.w.FrontServlet [http-nio-8080-exec-3] Started processing request
2021-06-08 19:09:26,756 INFO o.t.p.i.w.FrontServlet [http-nio-8080-exec-7] Started processing request
2021-06-08 19:10:01,590 INFO o.t.p.i.w.FrontServlet [http-nio-8080-exec-10] Started processing request
2021-06-08 19:10:16,038 INFO o.t.p.i.w.FrontServlet [http-nio-8080-exec-8] Started processing request
2021-06-08 19:10:25,663 INFO o.t.p.i.w.FrontServlet [http-nio-8080-exec-3] Started processing request
2021-06-08 19:10:27,467 INFO o.t.p.i.w.FrontServlet [http-nio-8080-exec-7] Started processing request
2021-06-08 19:10:29,169 INFO o.t.p.i.w.FrontServlet [http-nio-8080-exec-6] Started processing request
2021-06-08 19:10:30,964 INFO o.t.p.i.w.FrontServlet [http-nio-8080-exec-9] Started processing request
2021-06-08 19:11:06,656 INFO o.t.p.i.w.FrontServlet [http-nio-8080-exec-8] Started processing request
2021-06-08 19:11:11,975 INFO o.t.p.i.w.FrontServlet [http-nio-8080-exec-3] Started processing request
2021-06-08 19:11:12,012 ERROR o.t.p.i.w.FrontServlet [http-nio-8080-exec-3] For input string: ""
2021-06-08 19:12:39,765 INFO o.t.p.i.w.FrontServlet [http-nio-8080-exec-3] Set view for handled exception --> /error/internalerror.jsp
2021-06-08 19:12:46,051 INFO o.t.p.i.w.FrontServlet [http-nio-8080-exec-7] Started processing request
2021-06-08 19:12:50,889 INFO o.t.p.i.w.FrontServlet [http-nio-8080-exec-6] Started processing request
2021-06-08 19:12:55,584 INFO o.t.p.i.w.FrontServlet [http-nio-8080-exec-10] Started processing request
2021-06-08 19:12:57,564 INFO o.t.p.i.w.FrontServlet [http-nio-8080-exec-1] Started processing request
2021-06-08 19:12:59,203 INFO o.t.p.i.w.FrontServlet [http-nio-8080-exec-8] Started processing request
2021-06-08 19:15:26,007 INFO o.t.p.i.w.FrontServlet [http-nio-8080-exec-9] Started processing request
2021-06-08 19:15:31,006 INFO o.t.p.i.w.FrontServlet [http-nio-8080-exec-2] Started processing request
2021-06-08 19:15:33,125 INFO o.t.p.i.w.FrontServlet [http-nio-8080-exec-8] Started processing request
2021-06-08 19:15:34,860 INFO o.t.p.i.w.FrontServlet [http-nio-8080-exec-3] Started processing request
2021-06-08 19:15:38,371 INFO o.t.p.i.w.FrontServlet [http-nio-8080-exec-5] Started processing request
2021-06-08 19:16:35,216 INFO o.t.p.i.w.FrontServlet [http-nio-8080-exec-10] Started processing request
2021-06-08 19:16:40,174 INFO o.t.p.i.w.FrontServlet [http-nio-8080-exec-8] Started processing request
2021-06-08 19:16:40,191 INFO o.t.p.i.w.LocaleSessionListener [http-nio-8080-exec-8] session destroyed
2021-06-08 19:16:40,352 INFO o.t.p.i.w.LocaleSessionListener [http-nio-8080-exec-3] Session created
2021-06-08 19:16:40,352 INFO o.t.p.i.w.LocaleSessionListener [http-nio-8080-exec-3] Set session locales --> [en, ru]
2021-06-08 19:16:40,352 INFO o.t.p.i.w.LocaleSessionListener [http-nio-8080-exec-3] Set session selected locale --> en
2021-06-08 19:43:30,558 ERROR o.t.p.s.SubscriberRepository [main] null
2021-06-08 19:44:03,295 INFO o.t.p.i.c.DataSourceConfig [main] Start config DataSource
2021-06-08 19:44:03,295 INFO o.t.p.i.c.ConfigLoader [main] start load config
2021-06-08 19:44:03,327 INFO o.t.p.i.c.ConfigLoader [main] load jdbcURL --> jdbc:mysql://localhost:3306/telecom?createDatabaseIfNotExist=true
2021-06-08 19:44:03,327 INFO o.t.p.i.c.ConfigLoader [main] load userName --> root
2021-06-08 19:44:03,327 INFO o.t.p.i.c.ConfigLoader [main] load userPassword --> 380500850614Lucky
2021-06-08 19:44:03,411 INFO o.t.p.i.c.DataSourceConfig [main] Set JdbcUrl --> jdbc:mysql://localhost:3306/telecom?createDatabaseIfNotExist=true
2021-06-08 19:44:03,411 INFO o.t.p.i.c.DataSourceConfig [main] Set userName --> root
2021-06-08 19:44:03,411 INFO o.t.p.i.c.DataSourceConfig [main] Set userPassword --> 380500850614Lucky
2021-06-08 19:44:22,918 INFO o.t.p.i.d.LiquibaseStarter [main] Update database
2021-06-08 19:44:24,721 INFO o.t.p.i.c.ExceptionHandlerConfig [main] Start configure exception handler
2021-06-08 19:44:24,721 INFO o.t.p.i.c.ExceptionHandlerConfig [main] Initialization handlers map
2021-06-08 19:44:24,767 INFO o.t.p.i.c.ServerStarterConfig [main] Start configure server
2021-06-08 19:44:25,391 INFO o.t.p.i.w.ServerStarter [main] Set context path --> /telecom
2021-06-08 19:44:25,406 INFO o.t.p.i.w.ServerStarter [main] Add servlet: servlet name --> front
2021-06-08 19:44:25,406 INFO o.t.p.i.w.ServerStarter [main] Add servlet mapping: url --> /service/*
2021-06-08 19:44:25,406 INFO o.t.p.i.c.ServerStarterConfig [main] Start configure security
2021-06-08 19:44:25,739 INFO o.t.p.i.w.ServerStarter [main] Add filter --> AuthorizationFilter
2021-06-08 19:44:25,739 INFO o.t.p.i.c.ServerStarterConfig [main] Start configure encoding filter
2021-06-08 19:44:25,770 INFO o.t.p.i.w.ServerStarter [main] Add filter --> EncodingFilter
2021-06-08 19:44:25,770 INFO o.t.p.i.c.ServerStarterConfig [main] Start configure session listener
2021-06-08 19:44:25,807 INFO o.t.p.i.w.ServerStarter [main] Set session listeners 
2021-06-08 19:44:58,688 INFO o.t.p.i.w.FrontServlet [http-nio-8080-exec-3] Started processing request
2021-06-08 19:44:59,036 INFO o.t.p.u.UserService [http-nio-8080-exec-3] Try enter user: admin
2021-06-08 19:44:59,232 INFO o.t.p.u.UserService [http-nio-8080-exec-3] User: admin was entered
2021-06-08 19:44:59,249 INFO o.t.p.i.w.LocaleSessionListener [http-nio-8080-exec-3] Session created
2021-06-08 19:44:59,251 INFO o.t.p.i.w.LocaleSessionListener [http-nio-8080-exec-3] Set session locales --> [en, ru]
2021-06-08 19:44:59,252 INFO o.t.p.i.w.LocaleSessionListener [http-nio-8080-exec-3] Set session selected locale --> en
2021-06-08 19:45:15,692 INFO o.t.p.i.w.FrontServlet [http-nio-8080-exec-6] Started processing request
2021-06-08 19:45:22,250 INFO o.t.p.i.w.FrontServlet [http-nio-8080-exec-9] Started processing request
2021-06-08 19:45:25,122 INFO o.t.p.i.w.FrontServlet [http-nio-8080-exec-10] Started processing request
2021-06-08 19:45:38,165 INFO o.t.p.i.w.FrontServlet [http-nio-8080-exec-4] Started processing request
2021-06-08 19:45:40,244 INFO o.t.p.i.w.FrontServlet [http-nio-8080-exec-6] Started processing request
2021-06-08 19:45:42,973 INFO o.t.p.i.w.FrontServlet [http-nio-8080-exec-9] Started processing request
2021-06-08 19:45:44,881 INFO o.t.p.i.w.FrontServlet [http-nio-8080-exec-10] Started processing request
2021-06-08 19:45:46,459 INFO o.t.p.i.w.FrontServlet [http-nio-8080-exec-2] Started processing request
2021-06-08 19:45:49,942 INFO o.t.p.i.w.FrontServlet [http-nio-8080-exec-1] Started processing request
2021-06-08 19:45:49,944 INFO o.t.p.i.w.LocaleSessionListener [http-nio-8080-exec-1] session destroyed
2021-06-08 19:45:50,032 INFO o.t.p.i.w.LocaleSessionListener [http-nio-8080-exec-4] Session created
2021-06-08 19:45:50,033 INFO o.t.p.i.w.LocaleSessionListener [http-nio-8080-exec-4] Set session locales --> [en, ru]
2021-06-08 19:45:50,034 INFO o.t.p.i.w.LocaleSessionListener [http-nio-8080-exec-4] Set session selected locale --> en
2021-06-09 17:59:44,755 INFO o.t.p.i.w.FrontServlet [main] Started processing request
2021-06-09 18:02:48,412 INFO o.t.p.i.w.FrontServlet [main] Started processing request
2021-06-09 18:06:19,265 INFO o.t.p.i.w.FrontServlet [main] Started processing request
2021-06-09 18:23:11,533 INFO o.t.p.i.w.FrontServlet [main] Started processing request
2021-06-09 18:26:46,711 INFO o.t.p.i.w.FrontServlet [main] Started processing request
2021-06-09 18:28:07,195 INFO o.t.p.i.w.FrontServlet [main] Started processing request
2021-06-09 18:43:03,736 INFO o.t.p.i.w.FrontServlet [main] Started processing request
2021-06-09 18:43:03,834 ERROR o.t.p.i.w.FrontServlet [main] page not found
2021-06-09 18:44:16,421 INFO o.t.p.i.w.FrontServlet [main] Started processing request
2021-06-09 18:44:16,530 ERROR o.t.p.i.w.FrontServlet [main] page not found
2021-06-09 18:48:47,874 INFO o.t.p.i.w.FrontServlet [main] Started processing request
2021-06-09 18:48:47,959 ERROR o.t.p.i.w.FrontServlet [main] page not found
2021-06-09 18:50:08,329 INFO o.t.p.i.w.FrontServlet [main] Started processing request
2021-06-09 18:50:08,600 ERROR o.t.p.i.w.FrontServlet [main] page not found
2021-06-09 18:53:19,313 INFO o.t.p.i.w.FrontServlet [main] Started processing request
2021-06-09 18:53:19,429 ERROR o.t.p.i.w.FrontServlet [main] page not found
2021-06-09 18:55:48,309 INFO o.t.p.i.w.FrontServlet [main] Started processing request
2021-06-09 18:55:48,412 ERROR o.t.p.i.w.FrontServlet [main] page not found
2021-06-09 20:31:53,230 INFO o.t.p.i.w.FrontServlet [main] Started processing request
2021-06-09 20:31:53,392 ERROR o.t.p.i.w.FrontServlet [main] page not found
2021-06-09 20:32:50,355 INFO o.t.p.i.w.FrontServlet [main] Started processing request
2021-06-09 20:32:50,507 ERROR o.t.p.i.w.FrontServlet [main] page not found
2021-06-09 20:37:09,399 INFO o.t.p.i.w.FrontServlet [main] Started processing request
2021-06-09 20:38:28,205 INFO o.t.p.i.w.FrontServlet [main] Started processing request
2021-06-15 14:02:28,033 INFO o.t.p.i.c.DataSourceConfig [main] Start config DataSource
2021-06-15 14:02:28,088 INFO o.t.p.i.c.ConfigLoader [main] start load config
2021-06-15 14:02:28,111 INFO o.t.p.i.c.ConfigLoader [main] load jdbcURL --> jdbc:mysql://localhost:3306/telecom?createDatabaseIfNotExist=true
2021-06-15 14:02:28,113 INFO o.t.p.i.c.ConfigLoader [main] load userName --> root
2021-06-15 14:02:28,114 INFO o.t.p.i.c.ConfigLoader [main] load userPassword --> 380500850614Lucky
2021-06-15 14:02:28,313 INFO o.t.p.i.c.DataSourceConfig [main] Set JdbcUrl --> jdbc:mysql://localhost:3306/telecom?createDatabaseIfNotExist=true
2021-06-15 14:02:28,314 INFO o.t.p.i.c.DataSourceConfig [main] Set userName --> root
2021-06-15 14:02:28,315 INFO o.t.p.i.c.DataSourceConfig [main] Set userPassword --> 380500850614Lucky
2021-06-15 14:03:37,884 INFO o.t.p.i.d.LiquibaseStarter [main] Update database
2021-06-15 14:03:45,310 INFO o.t.p.i.c.ExceptionHandlerConfig [main] Start configure exception handler
2021-06-15 14:03:45,317 INFO o.t.p.i.c.ExceptionHandlerConfig [main] Initialization handlers map
2021-06-15 14:03:45,438 INFO o.t.p.i.c.ServerStarterConfig [main] Start configure server
2021-06-15 14:03:46,271 INFO o.t.p.i.w.ServerStarter [main] Set context path --> /telecom
2021-06-15 14:03:46,318 INFO o.t.p.i.w.ServerStarter [main] Add servlet: servlet name --> front
2021-06-15 14:03:46,319 INFO o.t.p.i.w.ServerStarter [main] Add servlet mapping: url --> /service/*
2021-06-15 14:03:46,321 INFO o.t.p.i.c.ServerStarterConfig [main] Start configure security
2021-06-15 14:03:47,095 INFO o.t.p.i.w.ServerStarter [main] Add filter --> AuthorizationFilter
2021-06-15 14:03:47,098 INFO o.t.p.i.c.ServerStarterConfig [main] Start configure encoding filter
2021-06-15 14:03:47,151 INFO o.t.p.i.w.ServerStarter [main] Add filter --> EncodingFilter
2021-06-15 14:03:47,151 INFO o.t.p.i.c.ServerStarterConfig [main] Start configure session listener
2021-06-15 14:03:47,165 INFO o.t.p.i.w.ServerStarter [main] Set session listeners 
2021-06-15 14:05:21,329 INFO o.t.p.i.w.LocaleSessionListener [http-nio-8080-exec-1] Session created
2021-06-15 14:05:21,349 INFO o.t.p.i.w.LocaleSessionListener [http-nio-8080-exec-1] Set session locales --> [en, ru]
2021-06-15 14:05:21,350 INFO o.t.p.i.w.LocaleSessionListener [http-nio-8080-exec-1] Set session selected locale --> en
2021-06-15 14:05:31,105 INFO o.t.p.i.w.FrontServlet [http-nio-8080-exec-4] Started processing request
2021-06-15 14:05:31,609 INFO o.t.p.u.UserService [http-nio-8080-exec-4] Try enter user: admin
2021-06-15 14:05:32,103 INFO o.t.p.u.UserService [http-nio-8080-exec-4] User: admin was entered
2021-06-15 14:05:32,104 INFO o.t.p.i.w.LocaleSessionListener [http-nio-8080-exec-4] Session created
2021-06-15 14:05:32,105 INFO o.t.p.i.w.LocaleSessionListener [http-nio-8080-exec-4] Set session locales --> [en, ru]
2021-06-15 14:05:32,105 INFO o.t.p.i.w.LocaleSessionListener [http-nio-8080-exec-4] Set session selected locale --> en
2021-06-15 14:05:36,340 INFO o.t.p.i.w.FrontServlet [http-nio-8080-exec-8] Started processing request
2021-06-15 14:05:39,822 INFO o.t.p.i.w.FrontServlet [http-nio-8080-exec-9] Started processing request
2021-06-15 14:05:41,625 INFO o.t.p.i.w.FrontServlet [http-nio-8080-exec-10] Started processing request
2021-06-15 14:05:43,890 INFO o.t.p.i.w.FrontServlet [http-nio-8080-exec-1] Started processing request
2021-06-15 14:05:47,653 INFO o.t.p.i.w.FrontServlet [http-nio-8080-exec-5] Started processing request
2021-06-15 14:05:50,253 INFO o.t.p.i.w.FrontServlet [http-nio-8080-exec-7] Started processing request
2021-06-15 14:05:50,255 INFO o.t.p.i.w.LocaleSessionListener [http-nio-8080-exec-7] session destroyed
2021-06-15 14:05:50,290 INFO o.t.p.i.w.LocaleSessionListener [http-nio-8080-exec-8] Session created
2021-06-15 14:05:50,290 INFO o.t.p.i.w.LocaleSessionListener [http-nio-8080-exec-8] Set session locales --> [en, ru]
2021-06-15 14:05:50,290 INFO o.t.p.i.w.LocaleSessionListener [http-nio-8080-exec-8] Set session selected locale --> en
2021-06-22 21:13:08,648 INFO o.t.p.i.c.DataSourceConfig [main] Start config DataSource
2021-06-22 21:13:08,664 INFO o.t.p.i.c.ConfigLoader [main] start load config
2021-06-22 21:13:08,664 INFO o.t.p.i.c.ConfigLoader [main] load jdbcURL --> jdbc:mysql://localhost:3306/telecom?createDatabaseIfNotExist=true
2021-06-22 21:13:08,664 INFO o.t.p.i.c.ConfigLoader [main] load userName --> root
2021-06-22 21:13:08,664 INFO o.t.p.i.c.ConfigLoader [main] load userPassword --> 380500850614Lucky
2021-06-22 21:13:08,710 INFO o.t.p.i.c.DataSourceConfig [main] Set JdbcUrl --> jdbc:mysql://localhost:3306/telecom?createDatabaseIfNotExist=true
2021-06-22 21:13:08,710 INFO o.t.p.i.c.DataSourceConfig [main] Set userName --> root
2021-06-22 21:13:08,710 INFO o.t.p.i.c.DataSourceConfig [main] Set userPassword --> 380500850614Lucky
2021-06-22 21:13:40,571 INFO o.t.p.i.d.LiquibaseStarter [main] Update database
2021-06-22 21:13:43,762 INFO o.t.p.i.c.ExceptionHandlerConfig [main] Start configure exception handler
2021-06-22 21:13:43,778 INFO o.t.p.i.c.ExceptionHandlerConfig [main] Initialization handlers map
2021-06-22 21:13:43,840 INFO o.t.p.i.c.ServerStarterConfig [main] Start configure server
2021-06-22 21:13:45,027 INFO o.t.p.i.w.ServerStarter [main] Set context path --> /telecom
2021-06-22 21:13:45,043 INFO o.t.p.i.w.ServerStarter [main] Add servlet: servlet name --> front
2021-06-22 21:13:45,043 INFO o.t.p.i.w.ServerStarter [main] Add servlet mapping: url --> /service/*
2021-06-22 21:13:45,043 INFO o.t.p.i.c.ServerStarterConfig [main] Start configure security
2021-06-22 21:13:46,496 INFO o.t.p.i.w.ServerStarter [main] Add filter --> AuthorizationFilter
2021-06-22 21:13:46,496 INFO o.t.p.i.c.ServerStarterConfig [main] Start configure encoding filter
2021-06-22 21:13:46,558 INFO o.t.p.i.w.ServerStarter [main] Add filter --> EncodingFilter
2021-06-22 21:13:46,558 INFO o.t.p.i.c.ServerStarterConfig [main] Start configure session listener
2021-06-22 21:13:46,621 INFO o.t.p.i.w.ServerStarter [main] Set session listeners 
2021-06-22 21:15:48,026 INFO o.t.p.i.c.DataSourceConfig [main] Start config DataSource
2021-06-22 21:15:48,026 INFO o.t.p.i.c.ConfigLoader [main] start load config
2021-06-22 21:15:48,026 INFO o.t.p.i.c.ConfigLoader [main] load jdbcURL --> jdbc:mysql://localhost:3306/telecom?createDatabaseIfNotExist=true
2021-06-22 21:15:48,026 INFO o.t.p.i.c.ConfigLoader [main] load userName --> root
2021-06-22 21:15:48,026 INFO o.t.p.i.c.ConfigLoader [main] load userPassword --> 380500850614Lucky
2021-06-22 21:15:48,088 INFO o.t.p.i.c.DataSourceConfig [main] Set JdbcUrl --> jdbc:mysql://localhost:3306/telecom?createDatabaseIfNotExist=true
2021-06-22 21:15:48,088 INFO o.t.p.i.c.DataSourceConfig [main] Set userName --> root
2021-06-22 21:15:48,088 INFO o.t.p.i.c.DataSourceConfig [main] Set userPassword --> 380500850614Lucky
2021-06-22 21:16:19,222 INFO o.t.p.i.d.LiquibaseStarter [main] Update database
2021-06-22 21:16:21,433 INFO o.t.p.i.c.ExceptionHandlerConfig [main] Start configure exception handler
2021-06-22 21:16:21,449 INFO o.t.p.i.c.ExceptionHandlerConfig [main] Initialization handlers map
2021-06-22 21:16:21,542 INFO o.t.p.i.c.ServerStarterConfig [main] Start configure server
2021-06-22 21:16:22,342 INFO o.t.p.i.w.ServerStarter [main] Set context path --> /telecom
2021-06-22 21:16:22,373 INFO o.t.p.i.w.ServerStarter [main] Add servlet: servlet name --> front
2021-06-22 21:16:22,373 INFO o.t.p.i.w.ServerStarter [main] Add servlet mapping: url --> /service/*
2021-06-22 21:16:22,373 INFO o.t.p.i.c.ServerStarterConfig [main] Start configure security
2021-06-22 21:16:23,018 INFO o.t.p.i.w.ServerStarter [main] Add filter --> AuthorizationFilter
2021-06-22 21:16:23,018 INFO o.t.p.i.c.ServerStarterConfig [main] Start configure encoding filter
2021-06-22 21:16:23,049 INFO o.t.p.i.w.ServerStarter [main] Add filter --> EncodingFilter
2021-06-22 21:16:23,049 INFO o.t.p.i.c.ServerStarterConfig [main] Start configure session listener
2021-06-22 21:16:23,080 INFO o.t.p.i.w.ServerStarter [main] Set session listeners 
2021-06-22 21:17:04,585 INFO o.t.p.i.w.LocaleSessionListener [http-nio-8080-exec-1] Session created
2021-06-22 21:17:04,588 INFO o.t.p.i.w.LocaleSessionListener [http-nio-8080-exec-1] Set session locales --> [en, ru]
2021-06-22 21:17:04,588 INFO o.t.p.i.w.LocaleSessionListener [http-nio-8080-exec-1] Set session selected locale --> en
2021-06-22 21:17:18,366 INFO o.t.p.i.w.FrontServlet [http-nio-8080-exec-4] Started processing request
2021-06-22 21:17:18,708 INFO o.t.p.u.UserService [http-nio-8080-exec-4] Try enter user: vasiliy88
2021-06-22 21:17:19,437 INFO o.t.p.u.UserService [http-nio-8080-exec-4] User: vasiliy88 was entered
2021-06-22 21:17:25,139 INFO o.t.p.i.w.FrontServlet [http-nio-8080-exec-9] Started processing request
2021-06-22 21:17:32,992 INFO o.t.p.i.w.FrontServlet [http-nio-8080-exec-4] Started processing request
2021-06-22 21:17:45,857 INFO o.t.p.i.w.FrontServlet [http-nio-8080-exec-5] Started processing request
2021-06-22 21:17:45,859 INFO o.t.p.u.UserService [http-nio-8080-exec-5] Try enter user: admin
2021-06-22 21:17:45,864 INFO o.t.p.u.UserService [http-nio-8080-exec-5] User: admin was entered
2021-06-22 21:17:51,849 INFO o.t.p.i.w.FrontServlet [http-nio-8080-exec-8] Started processing request
2021-06-22 21:17:53,294 INFO o.t.p.i.w.FrontServlet [http-nio-8080-exec-1] Started processing request
2021-06-22 21:17:59,699 INFO o.t.p.i.w.FrontServlet [http-nio-8080-exec-3] Started processing request
2021-06-22 21:17:59,700 INFO o.t.p.i.w.LocaleSessionListener [http-nio-8080-exec-3] session destroyed
2021-06-22 21:17:59,759 INFO o.t.p.i.w.LocaleSessionListener [http-nio-8080-exec-7] Session created
2021-06-22 21:17:59,760 INFO o.t.p.i.w.LocaleSessionListener [http-nio-8080-exec-7] Set session locales --> [en, ru]
2021-06-22 21:17:59,761 INFO o.t.p.i.w.LocaleSessionListener [http-nio-8080-exec-7] Set session selected locale --> en
2021-06-23 19:44:43,193 INFO o.t.p.i.c.DataSourceConfig [main] Start config DataSource
2021-06-23 19:44:43,224 INFO o.t.p.i.c.ConfigLoader [main] start load config
2021-06-23 19:44:43,262 INFO o.t.p.i.c.ConfigLoader [main] load jdbcURL --> jdbc:mysql://localhost:3306/telecom?createDatabaseIfNotExist=true
2021-06-23 19:44:43,262 INFO o.t.p.i.c.ConfigLoader [main] load userName --> root
2021-06-23 19:44:43,262 INFO o.t.p.i.c.ConfigLoader [main] load userPassword --> 380500850614Lucky
2021-06-23 19:44:43,309 INFO o.t.p.i.c.DataSourceConfig [main] Set JdbcUrl --> jdbc:mysql://localhost:3306/telecom?createDatabaseIfNotExist=true
2021-06-23 19:44:43,309 INFO o.t.p.i.c.DataSourceConfig [main] Set userName --> root
2021-06-23 19:44:43,309 INFO o.t.p.i.c.DataSourceConfig [main] Set userPassword --> 380500850614Lucky
2021-06-23 19:45:03,139 INFO o.t.p.i.d.LiquibaseStarter [main] Update database
2021-06-23 19:45:05,176 INFO o.t.p.i.c.ExceptionHandlerConfig [main] Start configure exception handler
2021-06-23 19:45:05,176 INFO o.t.p.i.c.ExceptionHandlerConfig [main] Initialization handlers map
2021-06-23 19:45:05,245 INFO o.t.p.i.c.ServerStarterConfig [main] Start configure server
2021-06-23 19:45:05,809 INFO o.t.p.i.w.ServerStarter [main] Set context path --> /telecom
2021-06-23 19:45:05,824 INFO o.t.p.i.w.ServerStarter [main] Add servlet: servlet name --> front
2021-06-23 19:45:05,824 INFO o.t.p.i.w.ServerStarter [main] Add servlet mapping: url --> /service/*
2021-06-23 19:45:05,824 INFO o.t.p.i.c.ServerStarterConfig [main] Start configure security
2021-06-23 19:45:06,125 INFO o.t.p.i.w.ServerStarter [main] Add filter --> AuthorizationFilter
2021-06-23 19:45:06,125 INFO o.t.p.i.c.ServerStarterConfig [main] Start configure encoding filter
2021-06-23 19:45:06,141 INFO o.t.p.i.w.ServerStarter [main] Add filter --> EncodingFilter
2021-06-23 19:45:06,141 INFO o.t.p.i.c.ServerStarterConfig [main] Start configure session listener
2021-06-23 19:45:06,163 INFO o.t.p.i.w.ServerStarter [main] Set session listeners 
2021-06-23 19:45:51,638 INFO o.t.p.i.w.LocaleSessionListener [http-nio-8080-exec-3] Session created
2021-06-23 19:45:51,638 INFO o.t.p.i.w.LocaleSessionListener [http-nio-8080-exec-4] Session created
2021-06-23 19:45:51,641 INFO o.t.p.i.w.LocaleSessionListener [http-nio-8080-exec-3] Set session locales --> [en, ru]
2021-06-23 19:45:51,642 INFO o.t.p.i.w.LocaleSessionListener [http-nio-8080-exec-4] Set session locales --> [en, ru]
2021-06-23 19:45:51,642 INFO o.t.p.i.w.LocaleSessionListener [http-nio-8080-exec-3] Set session selected locale --> en
2021-06-23 19:45:51,643 INFO o.t.p.i.w.LocaleSessionListener [http-nio-8080-exec-4] Set session selected locale --> en
2021-06-23 19:46:16,472 INFO o.t.p.i.w.FrontServlet [http-nio-8080-exec-6] Started processing request
2021-06-23 19:46:17,113 INFO o.t.p.u.UserService [http-nio-8080-exec-6] Try enter user: gordeev_19@mail.ru
2021-06-23 19:46:17,204 INFO o.t.p.u.UserService [http-nio-8080-exec-6] User: gordeev_19@mail.ru was entered
2021-06-23 19:46:57,981 INFO o.t.p.i.w.FrontServlet [http-nio-8080-exec-10] Started processing request
2021-06-24 10:47:34,510 INFO o.t.p.i.w.FrontServlet [main] Started processing request
2021-06-24 10:50:41,151 INFO o.t.p.i.c.DataSourceConfig [main] Start config DataSource
2021-06-24 10:50:41,182 INFO o.t.p.i.c.ConfigLoader [main] start load config
2021-06-24 10:50:41,198 INFO o.t.p.i.c.ConfigLoader [main] load jdbcURL --> jdbc:mysql://localhost:3306/telecom?createDatabaseIfNotExist=true
2021-06-24 10:50:41,198 INFO o.t.p.i.c.ConfigLoader [main] load userName --> root
2021-06-24 10:50:41,214 INFO o.t.p.i.c.ConfigLoader [main] load userPassword --> 380500850614Lucky
2021-06-24 10:50:41,298 INFO o.t.p.i.c.DataSourceConfig [main] Set JdbcUrl --> jdbc:mysql://localhost:3306/telecom?createDatabaseIfNotExist=true
2021-06-24 10:50:41,298 INFO o.t.p.i.c.DataSourceConfig [main] Set userName --> root
2021-06-24 10:50:41,314 INFO o.t.p.i.c.DataSourceConfig [main] Set userPassword --> 380500850614Lucky
2021-06-24 10:51:08,813 INFO o.t.p.i.d.LiquibaseStarter [main] Update database
2021-06-24 10:51:10,659 INFO o.t.p.i.c.ExceptionHandlerConfig [main] Start configure exception handler
2021-06-24 10:51:10,659 INFO o.t.p.i.c.ExceptionHandlerConfig [main] Initialization handlers map
2021-06-24 10:51:10,713 INFO o.t.p.i.c.ServerStarterConfig [main] Start configure server
2021-06-24 10:51:11,317 INFO o.t.p.i.w.ServerStarter [main] Set context path --> /telecom
2021-06-24 10:51:11,350 INFO o.t.p.i.w.ServerStarter [main] Add servlet: servlet name --> front
2021-06-24 10:51:11,350 INFO o.t.p.i.w.ServerStarter [main] Add servlet mapping: url --> /service/*
2021-06-24 10:51:11,350 INFO o.t.p.i.c.ServerStarterConfig [main] Start configure security
2021-06-24 10:51:11,702 INFO o.t.p.i.w.ServerStarter [main] Add filter --> AuthorizationFilter
2021-06-24 10:51:11,702 INFO o.t.p.i.c.ServerStarterConfig [main] Start configure encoding filter
2021-06-24 10:51:11,733 INFO o.t.p.i.w.ServerStarter [main] Add filter --> EncodingFilter
2021-06-24 10:51:11,733 INFO o.t.p.i.c.ServerStarterConfig [main] Start configure session listener
2021-06-24 10:51:11,733 INFO o.t.p.i.w.ServerStarter [main] Set session listeners 
2021-06-24 10:53:26,335 INFO o.t.p.i.w.LocaleSessionListener [http-nio-8080-exec-3] Session created
2021-06-24 10:53:26,338 INFO o.t.p.i.w.LocaleSessionListener [http-nio-8080-exec-3] Set session locales --> [en, ru]
2021-06-24 10:53:26,339 INFO o.t.p.i.w.LocaleSessionListener [http-nio-8080-exec-3] Set session selected locale --> en
2021-06-24 10:53:44,050 INFO o.t.p.i.w.FrontServlet [http-nio-8080-exec-6] Started processing request
2021-06-24 10:53:44,867 INFO o.t.p.u.UserService [http-nio-8080-exec-6] Try enter user: admin
2021-06-24 10:53:45,003 INFO o.t.p.u.UserService [http-nio-8080-exec-6] User: admin was enter
2021-06-24 10:53:51,068 INFO o.t.p.i.w.FrontServlet [http-nio-8080-exec-10] Started processing request
2021-06-24 10:54:50,832 INFO o.t.p.i.w.LocaleSessionListener [http-nio-8080-exec-3] Session created
2021-06-24 10:54:50,834 INFO o.t.p.i.w.LocaleSessionListener [http-nio-8080-exec-3] Set session locales --> [en, ru]
2021-06-24 10:54:50,835 INFO o.t.p.i.w.LocaleSessionListener [http-nio-8080-exec-3] Set session selected locale --> en
2021-06-24 10:55:08,130 INFO o.t.p.i.w.FrontServlet [http-nio-8080-exec-8] Started processing request
2021-06-24 10:55:08,132 INFO o.t.p.u.UserService [http-nio-8080-exec-8] Try enter user: 29
2021-06-24 10:55:08,212 ERROR o.t.p.i.w.FrontServlet [http-nio-8080-exec-8] password no match
2021-06-24 10:55:08,234 INFO o.t.p.i.w.FrontServlet [http-nio-8080-exec-8] Set view for handled exception --> /error/ex.jsp
2021-06-24 10:55:28,882 INFO o.t.p.i.w.FrontServlet [http-nio-8080-exec-10] Started processing request
2021-06-24 10:55:28,885 INFO o.t.p.u.UserService [http-nio-8080-exec-10] Try enter user: 29
2021-06-24 10:55:28,893 ERROR o.t.p.i.w.FrontServlet [http-nio-8080-exec-10] password no match
2021-06-24 10:55:28,894 INFO o.t.p.i.w.FrontServlet [http-nio-8080-exec-10] Set view for handled exception --> /error/ex.jsp
2021-06-24 10:55:58,611 INFO o.t.p.i.w.FrontServlet [http-nio-8080-exec-6] Started processing request
2021-06-24 10:55:58,613 INFO o.t.p.u.UserService [http-nio-8080-exec-6] Try enter user: petrov123
2021-06-24 10:55:58,623 ERROR o.t.p.i.w.FrontServlet [http-nio-8080-exec-6] password no match
2021-06-24 10:55:58,625 INFO o.t.p.i.w.FrontServlet [http-nio-8080-exec-6] Set view for handled exception --> /error/ex.jsp
2021-06-24 10:56:11,430 INFO o.t.p.i.w.FrontServlet [http-nio-8080-exec-2] Started processing request
2021-06-24 10:56:11,436 INFO o.t.p.u.UserService [http-nio-8080-exec-2] Try enter user: petrov123
2021-06-24 10:56:11,443 INFO o.t.p.u.UserService [http-nio-8080-exec-2] User: petrov123 was enter
2021-06-24 10:56:51,368 INFO o.t.p.i.w.FrontServlet [http-nio-8080-exec-7] Started processing request
2021-06-24 10:56:53,155 INFO o.t.p.i.w.FrontServlet [http-nio-8080-exec-9] Started processing request
2021-06-24 10:56:55,098 INFO o.t.p.i.w.FrontServlet [http-nio-8080-exec-10] Started processing request
2021-06-24 10:57:19,736 INFO o.t.p.i.w.FrontServlet [http-nio-8080-exec-8] Started processing request
2021-06-24 10:57:19,737 INFO o.t.p.i.w.LocaleSessionListener [http-nio-8080-exec-8] session destroyed
2021-06-24 10:57:19,781 INFO o.t.p.i.w.LocaleSessionListener [http-nio-8080-exec-2] Session created
2021-06-24 10:57:19,781 INFO o.t.p.i.w.LocaleSessionListener [http-nio-8080-exec-2] Set session locales --> [en, ru]
2021-06-24 10:57:19,781 INFO o.t.p.i.w.LocaleSessionListener [http-nio-8080-exec-2] Set session selected locale --> en
2021-06-24 12:32:43,182 INFO o.t.p.i.c.DataSourceConfig [main] Start config DataSource
2021-06-24 12:32:43,228 INFO o.t.p.i.c.ConfigLoader [main] start load config
2021-06-24 12:32:43,482 INFO o.t.p.i.c.ConfigLoader [main] load jdbcURL --> jdbc:mysql://localhost:3306/telecom?createDatabaseIfNotExist=true
2021-06-24 12:32:43,482 INFO o.t.p.i.c.ConfigLoader [main] load userName --> root
2021-06-24 12:32:43,482 INFO o.t.p.i.c.ConfigLoader [main] load userPassword --> 380500850614Lucky
2021-06-24 12:32:43,529 INFO o.t.p.i.c.DataSourceConfig [main] Set JdbcUrl --> jdbc:mysql://localhost:3306/telecom?createDatabaseIfNotExist=true
2021-06-24 12:32:43,529 INFO o.t.p.i.c.DataSourceConfig [main] Set userName --> root
2021-06-24 12:32:43,529 INFO o.t.p.i.c.DataSourceConfig [main] Set userPassword --> 380500850614Lucky
2021-06-24 12:33:21,712 INFO o.t.p.i.d.LiquibaseStarter [main] Update database
2021-06-24 12:33:24,316 INFO o.t.p.i.c.ExceptionHandlerConfig [main] Start configure exception handler
2021-06-24 12:33:24,319 INFO o.t.p.i.c.ExceptionHandlerConfig [main] Initialization handlers map
2021-06-24 12:33:24,430 INFO o.t.p.i.c.ServerStarterConfig [main] Start configure server
2021-06-24 12:33:25,367 INFO o.t.p.i.w.ServerStarter [main] Set context path --> /telecom
2021-06-24 12:33:25,389 INFO o.t.p.i.w.ServerStarter [main] Add servlet: servlet name --> front
2021-06-24 12:33:25,390 INFO o.t.p.i.w.ServerStarter [main] Add servlet mapping: url --> /service/*
2021-06-24 12:33:25,390 INFO o.t.p.i.c.ServerStarterConfig [main] Start configure security
2021-06-24 12:33:25,927 INFO o.t.p.i.w.ServerStarter [main] Add filter --> AuthorizationFilter
2021-06-24 12:33:25,927 INFO o.t.p.i.c.ServerStarterConfig [main] Start configure encoding filter
2021-06-24 12:33:25,968 INFO o.t.p.i.w.ServerStarter [main] Add filter --> EncodingFilter
2021-06-24 12:33:25,969 INFO o.t.p.i.c.ServerStarterConfig [main] Start configure session listener
2021-06-24 12:33:25,981 INFO o.t.p.i.w.ServerStarter [main] Set session listeners 
2021-06-24 12:34:04,094 INFO o.t.p.i.w.LocaleSessionListener [http-nio-8080-exec-1] Session created
2021-06-24 12:34:04,096 INFO o.t.p.i.w.LocaleSessionListener [http-nio-8080-exec-1] Set session locales --> [en, ru]
2021-06-24 12:34:04,097 INFO o.t.p.i.w.LocaleSessionListener [http-nio-8080-exec-1] Set session selected locale --> en
2021-06-24 12:45:55,668 INFO o.t.p.i.w.FrontServlet [http-nio-8080-exec-6] Started processing request
2021-06-24 12:46:38,531 INFO o.t.p.u.UserService [http-nio-8080-exec-6] Try enter user: admin
2021-06-24 12:46:54,914 INFO o.t.p.u.UserService [http-nio-8080-exec-6] User: admin was enter
2021-06-24 12:46:55,224 INFO o.t.p.i.w.LocaleSessionListener [http-nio-8080-exec-6] Session created
2021-06-24 12:46:55,225 INFO o.t.p.i.w.LocaleSessionListener [http-nio-8080-exec-6] Set session locales --> [en, ru]
2021-06-24 12:46:55,225 INFO o.t.p.i.w.LocaleSessionListener [http-nio-8080-exec-6] Set session selected locale --> en
2021-06-24 13:05:00,016 INFO o.t.p.i.w.LocaleSessionListener [ContainerBackgroundProcessor[StandardEngine[Tomcat]]] session destroyed
2021-06-24 13:18:00,823 INFO o.t.p.i.w.LocaleSessionListener [ContainerBackgroundProcessor[StandardEngine[Tomcat]]] session destroyed
2021-09-03 21:24:22,731 INFO o.t.p.i.c.DataSourceConfig [main] Start config DataSource
2021-09-03 21:24:22,734 INFO o.t.p.i.c.ConfigLoader [main] start load config
2021-09-03 21:24:22,735 INFO o.t.p.i.c.ConfigLoader [main] load jdbcURL --> jdbc:mysql://localhost:3306/telecom?createDatabaseIfNotExist=true
2021-09-03 21:24:22,736 INFO o.t.p.i.c.ConfigLoader [main] load userName --> root
2021-09-03 21:24:22,736 INFO o.t.p.i.c.ConfigLoader [main] load userPassword --> 380500850614Lucky
2021-09-03 21:24:22,754 INFO o.t.p.i.c.DataSourceConfig [main] Set JdbcUrl --> jdbc:mysql://localhost:3306/telecom?createDatabaseIfNotExist=true
2021-09-03 21:24:22,755 INFO o.t.p.i.c.DataSourceConfig [main] Set userName --> root
2021-09-03 21:24:22,756 INFO o.t.p.i.c.DataSourceConfig [main] Set userPassword --> 380500850614Lucky
2021-09-06 15:04:42,461 INFO o.t.p.i.c.DataSourceConfig [main] Start config DataSource
2021-09-06 15:04:42,465 INFO o.t.p.i.c.ConfigLoader [main] start load config
2021-09-06 15:04:42,470 INFO o.t.p.i.c.ConfigLoader [main] load jdbcURL --> jdbc:mysql://localhost:3306/telecom?createDatabaseIfNotExist=true
2021-09-06 15:04:42,470 INFO o.t.p.i.c.ConfigLoader [main] load userName --> root
2021-09-06 15:04:42,470 INFO o.t.p.i.c.ConfigLoader [main] load userPassword --> 380500850614Lucky
2021-09-06 15:04:42,536 INFO o.t.p.i.c.DataSourceConfig [main] Set JdbcUrl --> jdbc:mysql://localhost:3306/telecom?createDatabaseIfNotExist=true
2021-09-06 15:04:42,537 INFO o.t.p.i.c.DataSourceConfig [main] Set userName --> root
2021-09-06 15:04:42,537 INFO o.t.p.i.c.DataSourceConfig [main] Set userPassword --> 380500850614Lucky
2021-09-06 15:06:54,932 INFO o.t.p.i.c.DataSourceConfig [main] Start config DataSource
2021-09-06 15:06:54,934 INFO o.t.p.i.c.ConfigLoader [main] start load config
2021-09-06 15:06:54,938 INFO o.t.p.i.c.ConfigLoader [main] load jdbcURL --> jdbc:mysql://localhost:3306/cinema?createDatabaseIfNotExist=true
2021-09-06 15:06:54,938 INFO o.t.p.i.c.ConfigLoader [main] load userName --> root
2021-09-06 15:06:54,938 INFO o.t.p.i.c.ConfigLoader [main] load userPassword --> root
2021-09-06 15:06:54,969 INFO o.t.p.i.c.DataSourceConfig [main] Set JdbcUrl --> jdbc:mysql://localhost:3306/cinema?createDatabaseIfNotExist=true
2021-09-06 15:06:54,969 INFO o.t.p.i.c.DataSourceConfig [main] Set userName --> root
2021-09-06 15:06:54,969 INFO o.t.p.i.c.DataSourceConfig [main] Set userPassword --> root
2021-09-06 15:07:57,575 INFO o.t.p.i.c.DataSourceConfig [main] Start config DataSource
2021-09-06 15:07:57,575 INFO o.t.p.i.c.ConfigLoader [main] start load config
2021-09-06 15:07:57,575 INFO o.t.p.i.c.ConfigLoader [main] load jdbcURL --> jdbc:mysql://localhost:3306/cinema?createDatabaseIfNotExist=true
2021-09-06 15:07:57,575 INFO o.t.p.i.c.ConfigLoader [main] load userName --> root
2021-09-06 15:07:57,575 INFO o.t.p.i.c.ConfigLoader [main] load userPassword --> root
2021-09-06 15:07:57,608 INFO o.t.p.i.c.DataSourceConfig [main] Set JdbcUrl --> jdbc:mysql://localhost:3306/cinema?createDatabaseIfNotExist=true
2021-09-06 15:07:57,608 INFO o.t.p.i.c.DataSourceConfig [main] Set userName --> root
2021-09-06 15:07:57,609 INFO o.t.p.i.c.DataSourceConfig [main] Set userPassword --> root
2021-09-06 15:07:59,590 INFO o.t.p.i.c.ExceptionHandlerConfig [main] Start configure exception handler
2021-09-06 15:07:59,590 INFO o.t.p.i.c.ExceptionHandlerConfig [main] Initialization handlers map
2021-09-06 15:07:59,605 INFO o.t.p.i.c.ServerStarterConfig [main] Start configure server
2021-09-06 15:07:59,748 INFO o.t.p.i.w.ServerStarter [main] Set context path --> /telecom
2021-09-06 15:07:59,759 INFO o.t.p.i.w.ServerStarter [main] Add servlet: servlet name --> front
2021-09-06 15:07:59,760 INFO o.t.p.i.w.ServerStarter [main] Add servlet mapping: url --> /service/*
2021-09-06 15:07:59,760 INFO o.t.p.i.c.ServerStarterConfig [main] Start configure security
2021-09-06 15:07:59,874 INFO o.t.p.i.w.ServerStarter [main] Add filter --> AuthorizationFilter
2021-09-06 15:07:59,875 INFO o.t.p.i.c.ServerStarterConfig [main] Start configure encoding filter
2021-09-06 15:07:59,876 INFO o.t.p.i.w.ServerStarter [main] Add filter --> EncodingFilter
2021-09-06 15:07:59,877 INFO o.t.p.i.c.ServerStarterConfig [main] Start configure session listener
2021-09-06 15:07:59,878 INFO o.t.p.i.w.ServerStarter [main] Set session listeners 
2021-09-06 15:11:04,254 INFO o.t.p.i.c.DataSourceConfig [main] Start config DataSource
2021-09-06 15:11:04,259 INFO o.t.p.i.c.ConfigLoader [main] start load config
2021-09-06 15:11:04,260 INFO o.t.p.i.c.ConfigLoader [main] load jdbcURL --> jdbc:mysql://localhost:3306/cinema?createDatabaseIfNotExist=true
2021-09-06 15:11:04,260 INFO o.t.p.i.c.ConfigLoader [main] load userName --> root
2021-09-06 15:11:04,260 INFO o.t.p.i.c.ConfigLoader [main] load userPassword --> root
2021-09-06 15:11:04,347 INFO o.t.p.i.c.DataSourceConfig [main] Set JdbcUrl --> jdbc:mysql://localhost:3306/cinema?createDatabaseIfNotExist=true
2021-09-06 15:11:04,347 INFO o.t.p.i.c.DataSourceConfig [main] Set userName --> root
2021-09-06 15:11:04,347 INFO o.t.p.i.c.DataSourceConfig [main] Set userPassword --> root
2021-09-06 15:11:07,245 INFO o.t.p.i.c.ExceptionHandlerConfig [main] Start configure exception handler
2021-09-06 15:11:07,251 INFO o.t.p.i.c.ExceptionHandlerConfig [main] Initialization handlers map
2021-09-06 15:11:07,260 INFO o.t.p.i.c.ServerStarterConfig [main] Start configure server
2021-09-06 15:11:07,551 INFO o.t.p.i.w.ServerStarter [main] Set context path --> /telecom
2021-09-06 15:11:07,561 INFO o.t.p.i.w.ServerStarter [main] Add servlet: servlet name --> front
2021-09-06 15:11:07,561 INFO o.t.p.i.w.ServerStarter [main] Add servlet mapping: url --> /service/*
2021-09-06 15:11:07,563 INFO o.t.p.i.c.ServerStarterConfig [main] Start configure security
2021-09-06 15:11:07,709 INFO o.t.p.i.w.ServerStarter [main] Add filter --> AuthorizationFilter
2021-09-06 15:11:07,709 INFO o.t.p.i.c.ServerStarterConfig [main] Start configure encoding filter
2021-09-06 15:11:07,710 INFO o.t.p.i.w.ServerStarter [main] Add filter --> EncodingFilter
2021-09-06 15:11:07,711 INFO o.t.p.i.c.ServerStarterConfig [main] Start configure session listener
2021-09-06 15:11:07,713 INFO o.t.p.i.w.ServerStarter [main] Set session listeners 
